This is pdfTeX, Version 3.14159265-2.6-1.40.21 (TeX Live 2020) (preloaded format=pdflatex 2021.3.3)  2 APR 2026 13:47
entering extended mode
 restricted \write18 enabled.
 file:line:error style messages enabled.
 %&-line parsing enabled.
**thesis.tex
(./thesis.tex
LaTeX2e <2020-02-02> patch level 5
L3 programming layer <2020-03-06> (./thesis.cls

LaTeX Warning: You have requested document class `thesis',
               but the document class provides `synopsis'.

Document Class: synopsis 2007/22/02 v1.0 LaTeX document class
(/usr/local/texlive/2020/texmf-dist/tex/latex/base/book.cls
Document Class: book 2019/12/20 v1.4l Standard LaTeX document class
(/usr/local/texlive/2020/texmf-dist/tex/latex/base/bk12.clo
File: bk12.clo 2019/12/20 v1.4l Standard LaTeX file (size option)
)
\c@part=\count167
\c@chapter=\count168
\c@section=\count169
\c@subsection=\count170
\c@subsubsection=\count171
\c@paragraph=\count172
\c@subparagraph=\count173
\c@figure=\count174
\c@table=\count175
\abovecaptionskip=\skip47
\belowcaptionskip=\skip48
\bibindent=\dimen134
)
(/usr/local/texlive/2020/texmf-dist/tex/latex/datetime2/datetime2.sty
Package: datetime2 2020/03/02 v1.5.6 (NLCT) date and time formats

(/usr/local/texlive/2020/texmf-dist/tex/latex/tracklang/tracklang.sty
Package: tracklang 2019/11/30 v1.4 (NLCT) Track Languages

(/usr/local/texlive/2020/texmf-dist/tex/generic/tracklang/tracklang.tex))
(/usr/local/texlive/2020/texmf-dist/tex/latex/etoolbox/etoolbox.sty
Package: etoolbox 2019/09/21 v2.5h e-TeX tools for LaTeX (JAW)
\etb@tempcnta=\count176
)
(/usr/local/texlive/2020/texmf-dist/tex/latex/xkeyval/xkeyval.sty
Package: xkeyval 2014/12/03 v2.7a package option processing (HA)

(/usr/local/texlive/2020/texmf-dist/tex/generic/xkeyval/xkeyval.tex
(/usr/local/texlive/2020/texmf-dist/tex/generic/xkeyval/xkvutils.tex
\XKV@toks=\toks15
\XKV@tempa@toks=\toks16

(/usr/local/texlive/2020/texmf-dist/tex/generic/xkeyval/keyval.tex))
\XKV@depth=\count177
File: xkeyval.tex 2014/12/03 v2.7a key=value parser (HA)
)))
(/usr/local/texlive/2020/texmf-dist/tex/latex/setspace/setspace.sty
Package: setspace 2011/12/19 v6.7a set line spacing
)
(/usr/local/texlive/2020/texmf-dist/tex/latex/vmargin/vmargin.sty
Package: vmargin 2004/07/15 V2.5 set document margins (VK)

Package: vmargin 2004/07/15 V2.5 set document margins (VK)
\PaperWidth=\dimen135
\PaperHeight=\dimen136
) (/usr/local/texlive/2020/texmf-dist/tex/latex/fancyhdr/fancyhdr.sty
Package: fancyhdr 2019/01/31 v3.10 Extensive control of page headers and footer
s
\f@nch@headwidth=\skip49
\f@nch@O@elh=\skip50
\f@nch@O@erh=\skip51
\f@nch@O@olh=\skip52
\f@nch@O@orh=\skip53
\f@nch@O@elf=\skip54
\f@nch@O@erf=\skip55
\f@nch@O@olf=\skip56
\f@nch@O@orf=\skip57
)
(/usr/local/texlive/2020/texmf-dist/tex/latex/amsmath/amsmath.sty
Package: amsmath 2020/01/20 v2.17e AMS math features
\@mathmargin=\skip58

For additional information on amsmath, use the `?' option.
(/usr/local/texlive/2020/texmf-dist/tex/latex/amsmath/amstext.sty
Package: amstext 2000/06/29 v2.01 AMS text

(/usr/local/texlive/2020/texmf-dist/tex/latex/amsmath/amsgen.sty
File: amsgen.sty 1999/11/30 v2.0 generic functions
\@emptytoks=\toks17
\ex@=\dimen137
))
(/usr/local/texlive/2020/texmf-dist/tex/latex/amsmath/amsbsy.sty
Package: amsbsy 1999/11/29 v1.2d Bold Symbols
\pmbraise@=\dimen138
)
(/usr/local/texlive/2020/texmf-dist/tex/latex/amsmath/amsopn.sty
Package: amsopn 2016/03/08 v2.02 operator names
)
\inf@bad=\count178
LaTeX Info: Redefining \frac on input line 227.
\uproot@=\count179
\leftroot@=\count180
LaTeX Info: Redefining \overline on input line 389.
\classnum@=\count181
\DOTSCASE@=\count182
LaTeX Info: Redefining \ldots on input line 486.
LaTeX Info: Redefining \dots on input line 489.
LaTeX Info: Redefining \cdots on input line 610.
\Mathstrutbox@=\box45
\strutbox@=\box46
\big@size=\dimen139
LaTeX Font Info:    Redeclaring font encoding OML on input line 733.
LaTeX Font Info:    Redeclaring font encoding OMS on input line 734.
\macc@depth=\count183
\c@MaxMatrixCols=\count184
\dotsspace@=\muskip16
\c@parentequation=\count185
\dspbrk@lvl=\count186
\tag@help=\toks18
\row@=\count187
\column@=\count188
\maxfields@=\count189
\andhelp@=\toks19
\eqnshift@=\dimen140
\alignsep@=\dimen141
\tagshift@=\dimen142
\tagwidth@=\dimen143
\totwidth@=\dimen144
\lineht@=\dimen145
\@envbody=\toks20
\multlinegap=\skip59
\multlinetaggap=\skip60
\mathdisplay@stack=\toks21
LaTeX Info: Redefining \[ on input line 2859.
LaTeX Info: Redefining \] on input line 2860.
)
(/usr/local/texlive/2020/texmf-dist/tex/latex/amsfonts/amssymb.sty
Package: amssymb 2013/01/14 v3.01 AMS font symbols

(/usr/local/texlive/2020/texmf-dist/tex/latex/amsfonts/amsfonts.sty
Package: amsfonts 2013/01/14 v3.01 Basic AMSFonts support
\symAMSa=\mathgroup4
\symAMSb=\mathgroup5
LaTeX Font Info:    Redeclaring math symbol \hbar on input line 98.
LaTeX Font Info:    Overwriting math alphabet `\mathfrak' in version `bold'
(Font)                  U/euf/m/n --> U/euf/b/n on input line 106.
))
(/usr/local/texlive/2020/texmf-dist/tex/latex/amsmath/amscd.sty
Package: amscd 2017/04/14 v2.1 AMS Commutative Diagrams
\athelp@=\toks22
\minaw@=\dimen146
\bigaw@=\dimen147
\minCDarrowwidth=\dimen148
)
(/usr/local/texlive/2020/texmf-dist/tex/latex/amscls/amsthm.sty
Package: amsthm 2017/10/31 v2.20.4
\thm@style=\toks23
\thm@bodyfont=\toks24
\thm@headfont=\toks25
\thm@notefont=\toks26
\thm@headpunct=\toks27
\thm@preskip=\skip61
\thm@postskip=\skip62
\thm@headsep=\skip63
\dth@everypar=\toks28
)
(/usr/local/texlive/2020/texmf-dist/tex/latex/tools/xspace.sty
Package: xspace 2014/10/28 v1.13 Space after command names (DPC,MH)
)
(/usr/local/texlive/2020/texmf-dist/tex/latex/jknapltx/mathrsfs.sty
Package: mathrsfs 1996/01/01 Math RSFS package v1.0 (jk)
\symrsfs=\mathgroup6
)
(/usr/local/texlive/2020/texmf-dist/tex/latex/caption/caption.sty
Package: caption 2020/01/03 v3.4h Customizing captions (AR)

(/usr/local/texlive/2020/texmf-dist/tex/latex/caption/caption3.sty
Package: caption3 2020/01/03 v1.8h caption3 kernel (AR)
Package caption3 Info: TeX engine: e-TeX on input line 61.
\captionmargin=\dimen149
\captionmargin@=\dimen150
\captionwidth=\dimen151
\caption@tempdima=\dimen152
\caption@indent=\dimen153
\caption@parindent=\dimen154
\caption@hangindent=\dimen155
Package caption Info: Standard document class detected.
)
\c@caption@flags=\count190
\c@continuedfloat=\count191
)
(/usr/local/texlive/2020/texmf-dist/tex/latex/pgf/frontendlayer/tikz.sty
(/usr/local/texlive/2020/texmf-dist/tex/latex/pgf/basiclayer/pgf.sty
(/usr/local/texlive/2020/texmf-dist/tex/latex/pgf/utilities/pgfrcs.sty
(/usr/local/texlive/2020/texmf-dist/tex/generic/pgf/utilities/pgfutil-common.te
x
\pgfutil@everybye=\toks29
\pgfutil@tempdima=\dimen156
\pgfutil@tempdimb=\dimen157

(/usr/local/texlive/2020/texmf-dist/tex/generic/pgf/utilities/pgfutil-common-li
sts.tex))
(/usr/local/texlive/2020/texmf-dist/tex/generic/pgf/utilities/pgfutil-latex.def
\pgfutil@abb=\box47
(/usr/local/texlive/2020/texmf-dist/tex/latex/ms/everyshi.sty
Package: everyshi 2001/05/15 v3.00 EveryShipout Package (MS)
))
(/usr/local/texlive/2020/texmf-dist/tex/generic/pgf/utilities/pgfrcs.code.tex
(/usr/local/texlive/2020/texmf-dist/tex/generic/pgf/pgf.revision.tex)
Package: pgfrcs 2020/01/08 v3.1.5b (3.1.5b)
))
Package: pgf 2020/01/08 v3.1.5b (3.1.5b)

(/usr/local/texlive/2020/texmf-dist/tex/latex/pgf/basiclayer/pgfcore.sty
(/usr/local/texlive/2020/texmf-dist/tex/latex/graphics/graphicx.sty
Package: graphicx 2019/11/30 v1.2a Enhanced LaTeX Graphics (DPC,SPQR)

(/usr/local/texlive/2020/texmf-dist/tex/latex/graphics/graphics.sty
Package: graphics 2019/11/30 v1.4a Standard LaTeX Graphics (DPC,SPQR)

(/usr/local/texlive/2020/texmf-dist/tex/latex/graphics/trig.sty
Package: trig 2016/01/03 v1.10 sin cos tan (DPC)
)
(/usr/local/texlive/2020/texmf-dist/tex/latex/graphics-cfg/graphics.cfg
File: graphics.cfg 2016/06/04 v1.11 sample graphics configuration
)
Package graphics Info: Driver file: pdftex.def on input line 105.

(/usr/local/texlive/2020/texmf-dist/tex/latex/graphics-def/pdftex.def
File: pdftex.def 2018/01/08 v1.0l Graphics/color driver for pdftex
))
\Gin@req@height=\dimen158
\Gin@req@width=\dimen159
)
(/usr/local/texlive/2020/texmf-dist/tex/latex/pgf/systemlayer/pgfsys.sty
(/usr/local/texlive/2020/texmf-dist/tex/generic/pgf/systemlayer/pgfsys.code.tex
Package: pgfsys 2020/01/08 v3.1.5b (3.1.5b)
(/usr/local/texlive/2020/texmf-dist/tex/generic/pgf/utilities/pgfkeys.code.tex
\pgfkeys@pathtoks=\toks30
\pgfkeys@temptoks=\toks31

(/usr/local/texlive/2020/texmf-dist/tex/generic/pgf/utilities/pgfkeysfiltered.c
ode.tex
\pgfkeys@tmptoks=\toks32
))
\pgf@x=\dimen160
\pgf@y=\dimen161
\pgf@xa=\dimen162
\pgf@ya=\dimen163
\pgf@xb=\dimen164
\pgf@yb=\dimen165
\pgf@xc=\dimen166
\pgf@yc=\dimen167
\pgf@xd=\dimen168
\pgf@yd=\dimen169
\w@pgf@writea=\write3
\r@pgf@reada=\read2
\c@pgf@counta=\count192
\c@pgf@countb=\count193
\c@pgf@countc=\count194
\c@pgf@countd=\count195
\t@pgf@toka=\toks33
\t@pgf@tokb=\toks34
\t@pgf@tokc=\toks35
\pgf@sys@id@count=\count196

(/usr/local/texlive/2020/texmf-dist/tex/generic/pgf/systemlayer/pgf.cfg
File: pgf.cfg 2020/01/08 v3.1.5b (3.1.5b)
)
Driver file for pgf: pgfsys-pdftex.def

(/usr/local/texlive/2020/texmf-dist/tex/generic/pgf/systemlayer/pgfsys-pdftex.d
ef
File: pgfsys-pdftex.def 2020/01/08 v3.1.5b (3.1.5b)

(/usr/local/texlive/2020/texmf-dist/tex/generic/pgf/systemlayer/pgfsys-common-p
df.def
File: pgfsys-common-pdf.def 2020/01/08 v3.1.5b (3.1.5b)
)))
(/usr/local/texlive/2020/texmf-dist/tex/generic/pgf/systemlayer/pgfsyssoftpath.
code.tex
File: pgfsyssoftpath.code.tex 2020/01/08 v3.1.5b (3.1.5b)
\pgfsyssoftpath@smallbuffer@items=\count197
\pgfsyssoftpath@bigbuffer@items=\count198
)
(/usr/local/texlive/2020/texmf-dist/tex/generic/pgf/systemlayer/pgfsysprotocol.
code.tex
File: pgfsysprotocol.code.tex 2020/01/08 v3.1.5b (3.1.5b)
)) (/usr/local/texlive/2020/texmf-dist/tex/latex/xcolor/xcolor.sty
Package: xcolor 2016/05/11 v2.12 LaTeX color extensions (UK)

(/usr/local/texlive/2020/texmf-dist/tex/latex/graphics-cfg/color.cfg
File: color.cfg 2016/01/02 v1.6 sample color configuration
)
Package xcolor Info: Driver file: pdftex.def on input line 225.
Package xcolor Info: Model `cmy' substituted by `cmy0' on input line 1348.
Package xcolor Info: Model `hsb' substituted by `rgb' on input line 1352.
Package xcolor Info: Model `RGB' extended on input line 1364.
Package xcolor Info: Model `HTML' substituted by `rgb' on input line 1366.
Package xcolor Info: Model `Hsb' substituted by `hsb' on input line 1367.
Package xcolor Info: Model `tHsb' substituted by `hsb' on input line 1368.
Package xcolor Info: Model `HSB' substituted by `hsb' on input line 1369.
Package xcolor Info: Model `Gray' substituted by `gray' on input line 1370.
Package xcolor Info: Model `wave' substituted by `hsb' on input line 1371.
)
(/usr/local/texlive/2020/texmf-dist/tex/generic/pgf/basiclayer/pgfcore.code.tex
Package: pgfcore 2020/01/08 v3.1.5b (3.1.5b)
(/usr/local/texlive/2020/texmf-dist/tex/generic/pgf/math/pgfmath.code.tex
(/usr/local/texlive/2020/texmf-dist/tex/generic/pgf/math/pgfmathcalc.code.tex
(/usr/local/texlive/2020/texmf-dist/tex/generic/pgf/math/pgfmathutil.code.tex)
(/usr/local/texlive/2020/texmf-dist/tex/generic/pgf/math/pgfmathparser.code.tex
\pgfmath@dimen=\dimen170
\pgfmath@count=\count199
\pgfmath@box=\box48
\pgfmath@toks=\toks36
\pgfmath@stack@operand=\toks37
\pgfmath@stack@operation=\toks38
)
(/usr/local/texlive/2020/texmf-dist/tex/generic/pgf/math/pgfmathfunctions.code.
tex
(/usr/local/texlive/2020/texmf-dist/tex/generic/pgf/math/pgfmathfunctions.basic
.code.tex)
(/usr/local/texlive/2020/texmf-dist/tex/generic/pgf/math/pgfmathfunctions.trigo
nometric.code.tex)
(/usr/local/texlive/2020/texmf-dist/tex/generic/pgf/math/pgfmathfunctions.rando
m.code.tex)
(/usr/local/texlive/2020/texmf-dist/tex/generic/pgf/math/pgfmathfunctions.compa
rison.code.tex)
(/usr/local/texlive/2020/texmf-dist/tex/generic/pgf/math/pgfmathfunctions.base.
code.tex)
(/usr/local/texlive/2020/texmf-dist/tex/generic/pgf/math/pgfmathfunctions.round
.code.tex)
(/usr/local/texlive/2020/texmf-dist/tex/generic/pgf/math/pgfmathfunctions.misc.
code.tex)
(/usr/local/texlive/2020/texmf-dist/tex/generic/pgf/math/pgfmathfunctions.integ
erarithmetics.code.tex)))
(/usr/local/texlive/2020/texmf-dist/tex/generic/pgf/math/pgfmathfloat.code.tex
\c@pgfmathroundto@lastzeros=\count266
)) (/usr/local/texlive/2020/texmf-dist/tex/generic/pgf/math/pgfint.code.tex)
(/usr/local/texlive/2020/texmf-dist/tex/generic/pgf/basiclayer/pgfcorepoints.co
de.tex
File: pgfcorepoints.code.tex 2020/01/08 v3.1.5b (3.1.5b)
\pgf@picminx=\dimen171
\pgf@picmaxx=\dimen172
\pgf@picminy=\dimen173
\pgf@picmaxy=\dimen174
\pgf@pathminx=\dimen175
\pgf@pathmaxx=\dimen176
\pgf@pathminy=\dimen177
\pgf@pathmaxy=\dimen178
\pgf@xx=\dimen179
\pgf@xy=\dimen180
\pgf@yx=\dimen181
\pgf@yy=\dimen182
\pgf@zx=\dimen183
\pgf@zy=\dimen184
)
(/usr/local/texlive/2020/texmf-dist/tex/generic/pgf/basiclayer/pgfcorepathconst
ruct.code.tex
File: pgfcorepathconstruct.code.tex 2020/01/08 v3.1.5b (3.1.5b)
\pgf@path@lastx=\dimen185
\pgf@path@lasty=\dimen186
)
(/usr/local/texlive/2020/texmf-dist/tex/generic/pgf/basiclayer/pgfcorepathusage
.code.tex
File: pgfcorepathusage.code.tex 2020/01/08 v3.1.5b (3.1.5b)
\pgf@shorten@end@additional=\dimen187
\pgf@shorten@start@additional=\dimen188
)
(/usr/local/texlive/2020/texmf-dist/tex/generic/pgf/basiclayer/pgfcorescopes.co
de.tex
File: pgfcorescopes.code.tex 2020/01/08 v3.1.5b (3.1.5b)
\pgfpic=\box49
\pgf@hbox=\box50
\pgf@layerbox@main=\box51
\pgf@picture@serial@count=\count267
)
(/usr/local/texlive/2020/texmf-dist/tex/generic/pgf/basiclayer/pgfcoregraphicst
ate.code.tex
File: pgfcoregraphicstate.code.tex 2020/01/08 v3.1.5b (3.1.5b)
\pgflinewidth=\dimen189
)
(/usr/local/texlive/2020/texmf-dist/tex/generic/pgf/basiclayer/pgfcoretransform
ations.code.tex
File: pgfcoretransformations.code.tex 2020/01/08 v3.1.5b (3.1.5b)
\pgf@pt@x=\dimen190
\pgf@pt@y=\dimen191
\pgf@pt@temp=\dimen192
)
(/usr/local/texlive/2020/texmf-dist/tex/generic/pgf/basiclayer/pgfcorequick.cod
e.tex
File: pgfcorequick.code.tex 2020/01/08 v3.1.5b (3.1.5b)
)
(/usr/local/texlive/2020/texmf-dist/tex/generic/pgf/basiclayer/pgfcoreobjects.c
ode.tex
File: pgfcoreobjects.code.tex 2020/01/08 v3.1.5b (3.1.5b)
)
(/usr/local/texlive/2020/texmf-dist/tex/generic/pgf/basiclayer/pgfcorepathproce
ssing.code.tex
File: pgfcorepathprocessing.code.tex 2020/01/08 v3.1.5b (3.1.5b)
)
(/usr/local/texlive/2020/texmf-dist/tex/generic/pgf/basiclayer/pgfcorearrows.co
de.tex
File: pgfcorearrows.code.tex 2020/01/08 v3.1.5b (3.1.5b)
\pgfarrowsep=\dimen193
)
(/usr/local/texlive/2020/texmf-dist/tex/generic/pgf/basiclayer/pgfcoreshade.cod
e.tex
File: pgfcoreshade.code.tex 2020/01/08 v3.1.5b (3.1.5b)
\pgf@max=\dimen194
\pgf@sys@shading@range@num=\count268
\pgf@shadingcount=\count269
)
(/usr/local/texlive/2020/texmf-dist/tex/generic/pgf/basiclayer/pgfcoreimage.cod
e.tex
File: pgfcoreimage.code.tex 2020/01/08 v3.1.5b (3.1.5b)

(/usr/local/texlive/2020/texmf-dist/tex/generic/pgf/basiclayer/pgfcoreexternal.
code.tex
File: pgfcoreexternal.code.tex 2020/01/08 v3.1.5b (3.1.5b)
\pgfexternal@startupbox=\box52
))
(/usr/local/texlive/2020/texmf-dist/tex/generic/pgf/basiclayer/pgfcorelayers.co
de.tex
File: pgfcorelayers.code.tex 2020/01/08 v3.1.5b (3.1.5b)
)
(/usr/local/texlive/2020/texmf-dist/tex/generic/pgf/basiclayer/pgfcoretranspare
ncy.code.tex
File: pgfcoretransparency.code.tex 2020/01/08 v3.1.5b (3.1.5b)
)
(/usr/local/texlive/2020/texmf-dist/tex/generic/pgf/basiclayer/pgfcorepatterns.
code.tex
File: pgfcorepatterns.code.tex 2020/01/08 v3.1.5b (3.1.5b)
)
(/usr/local/texlive/2020/texmf-dist/tex/generic/pgf/basiclayer/pgfcorerdf.code.
tex
File: pgfcorerdf.code.tex 2020/01/08 v3.1.5b (3.1.5b)
)))
(/usr/local/texlive/2020/texmf-dist/tex/generic/pgf/modules/pgfmoduleshapes.cod
e.tex
File: pgfmoduleshapes.code.tex 2020/01/08 v3.1.5b (3.1.5b)
\pgfnodeparttextbox=\box53
)
(/usr/local/texlive/2020/texmf-dist/tex/generic/pgf/modules/pgfmoduleplot.code.
tex
File: pgfmoduleplot.code.tex 2020/01/08 v3.1.5b (3.1.5b)
)
(/usr/local/texlive/2020/texmf-dist/tex/latex/pgf/compatibility/pgfcomp-version
-0-65.sty
Package: pgfcomp-version-0-65 2020/01/08 v3.1.5b (3.1.5b)
\pgf@nodesepstart=\dimen195
\pgf@nodesepend=\dimen196
)
(/usr/local/texlive/2020/texmf-dist/tex/latex/pgf/compatibility/pgfcomp-version
-1-18.sty
Package: pgfcomp-version-1-18 2020/01/08 v3.1.5b (3.1.5b)
))
(/usr/local/texlive/2020/texmf-dist/tex/latex/pgf/utilities/pgffor.sty
(/usr/local/texlive/2020/texmf-dist/tex/latex/pgf/utilities/pgfkeys.sty
(/usr/local/texlive/2020/texmf-dist/tex/generic/pgf/utilities/pgfkeys.code.tex)
) (/usr/local/texlive/2020/texmf-dist/tex/latex/pgf/math/pgfmath.sty
(/usr/local/texlive/2020/texmf-dist/tex/generic/pgf/math/pgfmath.code.tex))
(/usr/local/texlive/2020/texmf-dist/tex/generic/pgf/utilities/pgffor.code.tex
Package: pgffor 2020/01/08 v3.1.5b (3.1.5b)

(/usr/local/texlive/2020/texmf-dist/tex/generic/pgf/math/pgfmath.code.tex)
\pgffor@iter=\dimen197
\pgffor@skip=\dimen198
\pgffor@stack=\toks39
\pgffor@toks=\toks40
))
(/usr/local/texlive/2020/texmf-dist/tex/generic/pgf/frontendlayer/tikz/tikz.cod
e.tex
Package: tikz 2020/01/08 v3.1.5b (3.1.5b)

(/usr/local/texlive/2020/texmf-dist/tex/generic/pgf/libraries/pgflibraryplothan
dlers.code.tex
File: pgflibraryplothandlers.code.tex 2020/01/08 v3.1.5b (3.1.5b)
\pgf@plot@mark@count=\count270
\pgfplotmarksize=\dimen199
)
\tikz@lastx=\dimen256
\tikz@lasty=\dimen257
\tikz@lastxsaved=\dimen258
\tikz@lastysaved=\dimen259
\tikz@lastmovetox=\dimen260
\tikz@lastmovetoy=\dimen261
\tikzleveldistance=\dimen262
\tikzsiblingdistance=\dimen263
\tikz@figbox=\box54
\tikz@figbox@bg=\box55
\tikz@tempbox=\box56
\tikz@tempbox@bg=\box57
\tikztreelevel=\count271
\tikznumberofchildren=\count272
\tikznumberofcurrentchild=\count273
\tikz@fig@count=\count274

(/usr/local/texlive/2020/texmf-dist/tex/generic/pgf/modules/pgfmodulematrix.cod
e.tex
File: pgfmodulematrix.code.tex 2020/01/08 v3.1.5b (3.1.5b)
\pgfmatrixcurrentrow=\count275
\pgfmatrixcurrentcolumn=\count276
\pgf@matrix@numberofcolumns=\count277
)
\tikz@expandcount=\count278

(/usr/local/texlive/2020/texmf-dist/tex/generic/pgf/frontendlayer/tikz/librarie
s/tikzlibrarytopaths.code.tex
File: tikzlibrarytopaths.code.tex 2020/01/08 v3.1.5b (3.1.5b)
)))
(/usr/local/texlive/2020/texmf-dist/tex/latex/tools/verbatim.sty
Package: verbatim 2019/11/10 v1.5r LaTeX2e package for verbatim enhancements
\every@verbatim=\toks41
\verbatim@line=\toks42
\verbatim@in@stream=\read3
)
(/usr/local/texlive/2020/texmf-dist/tex/generic/xypic/xy.sty
(/usr/local/texlive/2020/texmf-dist/tex/generic/xypic/xy.tex Bootstrap'ing:
catcodes, docmode,
(/usr/local/texlive/2020/texmf-dist/tex/generic/xypic/xyrecat.tex)
(/usr/local/texlive/2020/texmf-dist/tex/generic/xypic/xyidioms.tex)

 Xy-pic version 3.8.9 <2013/10/06>
 Copyright (c) 1991-2013 by Kristoffer H. Rose <krisrose@tug.org> and others
 Xy-pic is free software: see the User's Guide for details.

Loading kernel: messages; fonts; allocations: state,
\X@c=\dimen264
\Y@c=\dimen265
\U@c=\dimen266
\D@c=\dimen267
\L@c=\dimen268
\R@c=\dimen269
\Edge@c=\toks43
\X@p=\dimen270
\Y@p=\dimen271
\U@p=\dimen272
\D@p=\dimen273
\L@p=\dimen274
\R@p=\dimen275
\Edge@p=\toks44
\X@origin=\dimen276
\Y@origin=\dimen277
\X@xbase=\dimen278
\Y@xbase=\dimen279
\X@ybase=\dimen280
\Y@ybase=\dimen281
\X@min=\dimen282
\Y@min=\dimen283
\X@max=\dimen284
\Y@max=\dimen285
\lastobjectbox@=\box58
\zerodotbox@=\box59
\almostz@=\dimen286
 direction,
\d@X=\dimen287
\d@Y=\dimen288
\K@=\count279
\KK@=\count280
\Direction=\count281
\K@dXdY=\dimen289
\K@dYdX=\dimen290
\xyread@=\read4
\xywrite@=\write4
\csp@=\count282
\quotPTK@=\dimen291

utility macros; pictures: \xy, positions,
\swaptoks@@=\toks45
\connectobjectbox@@=\box60
 objects,
\styletoks@=\toks46
 decorations;
kernel objects: directionals, circles, text; options; algorithms: directions,
edges, connections;  Xy-pic loaded)
(/usr/local/texlive/2020/texmf-dist/tex/generic/iftex/ifpdf.sty
Package: ifpdf 2019/10/25 v3.4 ifpdf legacy package. Use iftex instead.

(/usr/local/texlive/2020/texmf-dist/tex/generic/iftex/iftex.sty
Package: iftex 2020/03/06 v1.0d TeX engine tests
))
Package: xy 2013/10/06 Xy-pic version 3.8.9

(/usr/local/texlive/2020/texmf-dist/tex/generic/xypic/xyall.tex
 Xy-pic option: All features v.3.8
(/usr/local/texlive/2020/texmf-dist/tex/generic/xypic/xycurve.tex
 Xy-pic option: Curve and Spline extension v.3.12 curve,
\crv@cnt@=\count283
\crvpts@=\toks47
\splinebox@=\box61
\splineval@=\dimen292
\splinedepth@=\dimen293
\splinetol@=\dimen294
\splinelength@=\dimen295
 circles,
\L@=\dimen296
 loaded)
(/usr/local/texlive/2020/texmf-dist/tex/generic/xypic/xyframe.tex
 Xy-pic option: Frame and Bracket extension v.3.14 loaded)
(/usr/local/texlive/2020/texmf-dist/tex/generic/xypic/xycmtip.tex
 Xy-pic option: Computer Modern tip extension v.3.7
(/usr/local/texlive/2020/texmf-dist/tex/generic/xypic/xytips.tex
 Xy-pic option: More Tips extension v.3.11 loaded) loaded)
(/usr/local/texlive/2020/texmf-dist/tex/generic/xypic/xyline.tex
 Xy-pic option: Line styles extension v.3.10
\xylinethick@=\dimen297
 loaded)
(/usr/local/texlive/2020/texmf-dist/tex/generic/xypic/xyrotate.tex
 Xy-pic option: Rotate and Scale extension v.3.8 loaded)
(/usr/local/texlive/2020/texmf-dist/tex/generic/xypic/xycolor.tex
 Xy-pic option: Colour extension v.3.11 loaded)
(/usr/local/texlive/2020/texmf-dist/tex/generic/xypic/xymatrix.tex
 Xy-pic option: Matrix feature v.3.14
\Row=\count284
\Col=\count285
\queue@=\toks48
\queue@@=\toks49
\qcount@=\count286
\qcount@@=\count287
\matrixsize@=\count288
 loaded)
(/usr/local/texlive/2020/texmf-dist/tex/generic/xypic/xyarrow.tex
 Xy-pic option: Arrow and Path feature v.3.9 path, \ar, loaded)
(/usr/local/texlive/2020/texmf-dist/tex/generic/xypic/xygraph.tex
 Xy-pic option: Graph feature v.3.11 loaded) loaded)
(/usr/local/texlive/2020/texmf-dist/tex/generic/xypic/xy2cell.tex
 Xy-pic option: Two-cell feature v.3.7 two-cells, loaded)
(/usr/local/texlive/2020/texmf-dist/tex/generic/xypic/xypdf.tex
 Xy-pic option: PDF driver v.1.7 Xy-pic pdf driver: `color' extension support
(/usr/local/texlive/2020/texmf-dist/tex/generic/xypic/xypdf-co.tex loaded)
Xy-pic pdf driver: `curve' extension support
(/usr/local/texlive/2020/texmf-dist/tex/generic/xypic/xypdf-cu.tex loaded)
Xy-pic pdf driver: `frame' extension support
(/usr/local/texlive/2020/texmf-dist/tex/generic/xypic/xypdf-fr.tex loaded)
Xy-pic pdf driver: `line' extension support
(/usr/local/texlive/2020/texmf-dist/tex/generic/xypic/xypdf-li.tex loaded)
Xy-pic pdf driver: `rotate' extension support
(/usr/local/texlive/2020/texmf-dist/tex/generic/xypic/xypdf-ro.tex loaded)
loaded))
(/usr/local/texlive/2020/texmf-dist/tex/generic/pgf/frontendlayer/tikz/librarie
s/tikzlibrarymatrix.code.tex
File: tikzlibrarymatrix.code.tex 2020/01/08 v3.1.5b (3.1.5b)
)
(/usr/local/texlive/2020/texmf-dist/tex/generic/pgf/frontendlayer/tikz/librarie
s/tikzlibraryarrows.code.tex
File: tikzlibraryarrows.code.tex 2020/01/08 v3.1.5b (3.1.5b)

(/usr/local/texlive/2020/texmf-dist/tex/generic/pgf/libraries/pgflibraryarrows.
code.tex
File: pgflibraryarrows.code.tex 2020/01/08 v3.1.5b (3.1.5b)
\arrowsize=\dimen298
))
(/usr/local/texlive/2020/texmf-dist/tex/generic/pgf/frontendlayer/tikz/librarie
s/tikzlibrarydecorations.markings.code.tex
(/usr/local/texlive/2020/texmf-dist/tex/generic/pgf/frontendlayer/tikz/librarie
s/tikzlibrarydecorations.code.tex
(/usr/local/texlive/2020/texmf-dist/tex/generic/pgf/modules/pgfmoduledecoration
s.code.tex
\pgfdecoratedcompleteddistance=\dimen299
\pgfdecoratedremainingdistance=\dimen300
\pgfdecoratedinputsegmentcompleteddistance=\dimen301
\pgfdecoratedinputsegmentremainingdistance=\dimen302
\pgf@decorate@distancetomove=\dimen303
\pgf@decorate@repeatstate=\count289
\pgfdecorationsegmentamplitude=\dimen304
\pgfdecorationsegmentlength=\dimen305
)
\tikz@lib@dec@box=\box62
)
(/usr/local/texlive/2020/texmf-dist/tex/generic/pgf/libraries/decorations/pgfli
brarydecorations.markings.code.tex))
(/usr/local/texlive/2020/texmf-dist/tex/generic/pgf/frontendlayer/tikz/librarie
s/tikzlibrarydecorations.pathmorphing.code.tex
(/usr/local/texlive/2020/texmf-dist/tex/generic/pgf/libraries/decorations/pgfli
brarydecorations.pathmorphing.code.tex))
(/usr/local/texlive/2020/texmf-dist/tex/latex/base/inputenc.sty
Package: inputenc 2018/08/11 v1.3c Input encoding file
\inpenc@prehook=\toks50
\inpenc@posthook=\toks51
)
(/usr/local/texlive/2020/texmf-dist/tex/latex/algorithm2e/algorithm2e.sty
Package: algorithm2e 2017/07/18 v5.2 algorithms environments
\c@AlgoLine=\count290

(/usr/local/texlive/2020/texmf-dist/tex/latex/base/ifthen.sty
Package: ifthen 2014/09/29 v1.1c Standard LaTeX ifthen package (DPC)
)
\algocf@hangindent=\skip64

(/usr/local/texlive/2020/texmf-dist/tex/latex/ifoddpage/ifoddpage.sty
Package: ifoddpage 2016/04/23 v1.1 Conditionals for odd/even page detection
\c@checkoddpage=\count291
)
(/usr/local/texlive/2020/texmf-dist/tex/latex/relsize/relsize.sty
Package: relsize 2013/03/29 ver 4.1
)
\skiptotal=\skip65
\skiplinenumber=\skip66
\skiprule=\skip67
\skiphlne=\skip68
\skiptext=\skip69
\skiplength=\skip70
\algomargin=\skip71
\skipalgocfslide=\skip72
\algowidth=\dimen306
\inoutsize=\dimen307
\inoutindent=\dimen308
\interspacetitleruled=\dimen309
\interspacealgoruled=\dimen310
\interspacetitleboxruled=\dimen311
\algocf@ruledwidth=\skip73
\algocf@inoutbox=\box63
\algocf@inputbox=\box64
\AlCapSkip=\skip74
\AlCapHSkip=\skip75
\algoskipindent=\skip76
\algocf@nlbox=\box65
\algocf@hangingbox=\box66
\algocf@untilbox=\box67
\algocf@skipuntil=\skip77
\algocf@capbox=\box68
\algocf@lcaptionbox=\skip78
\algoheightruledefault=\skip79
\algoheightrule=\skip80
\algotitleheightruledefault=\skip81
\algotitleheightrule=\skip82
\c@algocfline=\count292
\c@algocfproc=\count293
\c@algocf=\count294
\algocf@algoframe=\box69
\algocf@algobox=\box70
)
(/usr/local/texlive/2020/texmf-dist/tex/latex/tikz-cd/tikz-cd.sty
Package: tikz-cd 2018/11/19 v0.9f Commutative diagrams with TikZ

(/usr/local/texlive/2020/texmf-dist/tex/generic/tikz-cd/tikzlibrarycd.code.tex
(/usr/local/texlive/2020/texmf-dist/tex/generic/pgf/frontendlayer/tikz/librarie
s/tikzlibraryquotes.code.tex
File: tikzlibraryquotes.code.tex 2020/01/08 v3.1.5b (3.1.5b)
)
(/usr/local/texlive/2020/texmf-dist/tex/generic/pgf/libraries/pgflibraryarrows.
meta.code.tex
File: pgflibraryarrows.meta.code.tex 2020/01/08 v3.1.5b (3.1.5b)
\pgfarrowinset=\dimen312
\pgfarrowlength=\dimen313
\pgfarrowwidth=\dimen314
\pgfarrowlinewidth=\dimen315
)))
(/usr/local/texlive/2020/texmf-dist/tex/latex/enumitem/enumitem.sty
Package: enumitem 2019/06/20 v3.9 Customized lists
\enitkv@toks@=\toks52
\labelindent=\skip83
\enit@outerparindent=\dimen316
\enit@toks=\toks53
\enit@inbox=\box71
\enit@count@id=\count295
\enitdp@description=\count296
)
(/usr/local/texlive/2020/texmf-dist/tex/latex/thmtools/thm-restate.sty
Package: thm-restate 2019/12/22 v68

(/usr/local/texlive/2020/texmf-dist/tex/latex/thmtools/thmtools.sty
Package: thmtools 2019/12/22 v68
\thmt@toks=\toks54
\c@thmt@dummyctr=\count297

(/usr/local/texlive/2020/texmf-dist/tex/latex/thmtools/thm-patch.sty
Package: thm-patch 2019/12/22 v68

(/usr/local/texlive/2020/texmf-dist/tex/latex/thmtools/parseargs.sty
Package: parseargs 2019/12/22 v68
\@parsespec=\toks55
))
(/usr/local/texlive/2020/texmf-dist/tex/latex/thmtools/thm-kv.sty
Package: thm-kv 2019/12/22 v68
Package thm-kv Info: Theorem names will be uppercased on input line 39.

(/usr/local/texlive/2020/texmf-dist/tex/generic/kvsetkeys/kvsetkeys.sty
Package: kvsetkeys 2019/12/15 v1.18 Key value parser (HO)
)
Package thm-kv Info: kvsetkeys patch (v1.16 or later) on input line 155.
)
(/usr/local/texlive/2020/texmf-dist/tex/latex/thmtools/thm-autoref.sty
Package: thm-autoref 2019/12/22 v68

(/usr/local/texlive/2020/texmf-dist/tex/latex/thmtools/aliasctr.sty
Package: aliasctr 2019/12/22 v68
))
(/usr/local/texlive/2020/texmf-dist/tex/latex/thmtools/thm-listof.sty
Package: thm-listof 2019/12/22 v68
)
(/usr/local/texlive/2020/texmf-dist/tex/latex/thmtools/thm-amsthm.sty
Package: thm-amsthm 2019/12/22 v68
\thmt@style@headstyle=\toks56
)))
(/usr/local/texlive/2020/texmf-dist/tex/latex/hyperref/hyperref.sty
Package: hyperref 2020/01/14 v7.00d Hypertext links for LaTeX

(/usr/local/texlive/2020/texmf-dist/tex/generic/ltxcmds/ltxcmds.sty
Package: ltxcmds 2019/12/15 v1.24 LaTeX kernel commands for general use (HO)
)
(/usr/local/texlive/2020/texmf-dist/tex/latex/pdftexcmds/pdftexcmds.sty
Package: pdftexcmds 2019/11/24 v0.31 Utility functions of pdfTeX for LuaTeX (HO
)

(/usr/local/texlive/2020/texmf-dist/tex/generic/infwarerr/infwarerr.sty
Package: infwarerr 2019/12/03 v1.5 Providing info/warning/error messages (HO)
)
Package pdftexcmds Info: \pdf@primitive is available.
Package pdftexcmds Info: \pdf@ifprimitive is available.
Package pdftexcmds Info: \pdfdraftmode found.
)
(/usr/local/texlive/2020/texmf-dist/tex/generic/kvdefinekeys/kvdefinekeys.sty
Package: kvdefinekeys 2019-12-19 v1.6 Define keys (HO)
)
(/usr/local/texlive/2020/texmf-dist/tex/generic/pdfescape/pdfescape.sty
Package: pdfescape 2019/12/09 v1.15 Implements pdfTeX's escape features (HO)
)
(/usr/local/texlive/2020/texmf-dist/tex/latex/hycolor/hycolor.sty
Package: hycolor 2020-01-27 v1.10 Color options for hyperref/bookmark (HO)
)
(/usr/local/texlive/2020/texmf-dist/tex/latex/letltxmacro/letltxmacro.sty
Package: letltxmacro 2019/12/03 v1.6 Let assignment for LaTeX macros (HO)
)
(/usr/local/texlive/2020/texmf-dist/tex/latex/auxhook/auxhook.sty
Package: auxhook 2019-12-17 v1.6 Hooks for auxiliary files (HO)
)
(/usr/local/texlive/2020/texmf-dist/tex/latex/kvoptions/kvoptions.sty
Package: kvoptions 2019/11/29 v3.13 Key value format for package options (HO)
)
\@linkdim=\dimen317
\Hy@linkcounter=\count298
\Hy@pagecounter=\count299

(/usr/local/texlive/2020/texmf-dist/tex/latex/hyperref/pd1enc.def
File: pd1enc.def 2020/01/14 v7.00d Hyperref: PDFDocEncoding definition (HO)
Now handling font encoding PD1 ...
... no UTF-8 mapping file for font encoding PD1
)
(/usr/local/texlive/2020/texmf-dist/tex/generic/intcalc/intcalc.sty
Package: intcalc 2019/12/15 v1.3 Expandable calculations with integers (HO)
)
(/usr/local/texlive/2020/texmf-dist/tex/generic/etexcmds/etexcmds.sty
Package: etexcmds 2019/12/15 v1.7 Avoid name clashes with e-TeX commands (HO)
)
\Hy@SavedSpaceFactor=\count300
Package hyperref Info: Option `bookmarks' set `true' on input line 4421.
Package hyperref Info: Option `bookmarksopen' set `true' on input line 4421.
Package hyperref Info: Option `bookmarksnumbered' set `true' on input line 4421
.
Package hyperref Info: Option `hypertexnames' set `false' on input line 4421.
Package hyperref Info: Option `colorlinks' set `true' on input line 4421.
Package hyperref Info: Option `unicode' set `true' on input line 4421.

(/usr/local/texlive/2020/texmf-dist/tex/latex/hyperref/puenc.def
File: puenc.def 2020/01/14 v7.00d Hyperref: PDF Unicode definition (HO)
Now handling font encoding PU ...
... no UTF-8 mapping file for font encoding PU
)
Package hyperref Info: Option `breaklinks' set `true' on input line 4421.
Package hyperref Info: Hyper figures OFF on input line 4547.
Package hyperref Info: Link nesting OFF on input line 4552.
Package hyperref Info: Hyper index ON on input line 4555.
Package hyperref Info: Plain pages OFF on input line 4562.
Package hyperref Info: Backreferencing OFF on input line 4567.
Package hyperref Info: Implicit mode ON; LaTeX internals redefined.
Package hyperref Info: Bookmarks ON on input line 4800.
\c@Hy@tempcnt=\count301

(/usr/local/texlive/2020/texmf-dist/tex/latex/url/url.sty
\Urlmuskip=\muskip17
Package: url 2013/09/16  ver 3.4  Verb mode for urls, etc.
)
LaTeX Info: Redefining \url on input line 5159.
\XeTeXLinkMargin=\dimen318

(/usr/local/texlive/2020/texmf-dist/tex/generic/bitset/bitset.sty
Package: bitset 2019/12/09 v1.3 Handle bit-vector datatype (HO)

(/usr/local/texlive/2020/texmf-dist/tex/generic/bigintcalc/bigintcalc.sty
Package: bigintcalc 2019/12/15 v1.5 Expandable calculations on big integers (HO
)
))
\Fld@menulength=\count302
\Field@Width=\dimen319
\Fld@charsize=\dimen320
Package hyperref Info: Hyper figures OFF on input line 6430.
Package hyperref Info: Link nesting OFF on input line 6435.
Package hyperref Info: Hyper index ON on input line 6438.
Package hyperref Info: backreferencing OFF on input line 6445.
Package hyperref Info: Link coloring ON on input line 6448.
Package hyperref Info: Link coloring with OCG OFF on input line 6455.
Package hyperref Info: PDF/A mode OFF on input line 6460.
LaTeX Info: Redefining \ref on input line 6500.
LaTeX Info: Redefining \pageref on input line 6504.

(/usr/local/texlive/2020/texmf-dist/tex/generic/atbegshi/atbegshi.sty
Package: atbegshi 2019/12/05 v1.19 At begin shipout hook (HO)
)
\Hy@abspage=\count303
\c@Item=\count304
\c@Hfootnote=\count305
)
Package hyperref Info: Driver (autodetected): hpdftex.

(/usr/local/texlive/2020/texmf-dist/tex/latex/hyperref/hpdftex.def
File: hpdftex.def 2020/01/14 v7.00d Hyperref driver for pdfTeX

(/usr/local/texlive/2020/texmf-dist/tex/latex/atveryend/atveryend.sty
Package: atveryend 2019-12-11 v1.11 Hooks at the very end of document (HO)
)
\Fld@listcount=\count306
\c@bookmark@seq@number=\count307

(/usr/local/texlive/2020/texmf-dist/tex/latex/rerunfilecheck/rerunfilecheck.sty
Package: rerunfilecheck 2019/12/05 v1.9 Rerun checks for auxiliary files (HO)

(/usr/local/texlive/2020/texmf-dist/tex/generic/uniquecounter/uniquecounter.sty
Package: uniquecounter 2019/12/15 v1.4 Provide unlimited unique counter (HO)
)
Package uniquecounter Info: New unique counter `rerunfilecheck' on input line 2
86.
)
\Hy@SectionHShift=\skip84
) (/usr/local/texlive/2020/texmf-dist/tex/latex/mathtools/mathtools.sty
Package: mathtools 2020/03/24 v1.24 mathematical typesetting tools

(/usr/local/texlive/2020/texmf-dist/tex/latex/tools/calc.sty
Package: calc 2017/05/25 v4.3 Infix arithmetic (KKT,FJ)
\calc@Acount=\count308
\calc@Bcount=\count309
\calc@Adimen=\dimen321
\calc@Bdimen=\dimen322
\calc@Askip=\skip85
\calc@Bskip=\skip86
LaTeX Info: Redefining \setlength on input line 80.
LaTeX Info: Redefining \addtolength on input line 81.
\calc@Ccount=\count310
\calc@Cskip=\skip87
)
(/usr/local/texlive/2020/texmf-dist/tex/latex/mathtools/mhsetup.sty
Package: mhsetup 2017/03/31 v1.3 programming setup (MH)
)
LaTeX Info: Thecontrolsequence`\('isalreadyrobust on input line 130.
LaTeX Info: Thecontrolsequence`\)'isalreadyrobust on input line 130.
LaTeX Info: Thecontrolsequence`\['isalreadyrobust on input line 130.
LaTeX Info: Thecontrolsequence`\]'isalreadyrobust on input line 130.
\g_MT_multlinerow_int=\count311
\l_MT_multwidth_dim=\dimen323
\origjot=\skip88
\l_MT_shortvdotswithinadjustabove_dim=\dimen324
\l_MT_shortvdotswithinadjustbelow_dim=\dimen325
\l_MT_above_intertext_sep=\dimen326
\l_MT_below_intertext_sep=\dimen327
\l_MT_above_shortintertext_sep=\dimen328
\l_MT_below_shortintertext_sep=\dimen329
\xmathstrut@box=\box72
\xmathstrut@dim=\dimen330
)
(/usr/local/texlive/2020/texmf-dist/tex/latex/datetime/datetime.sty
Package: datetime 2015/03/20 v2.60 Date Time Package

(/usr/local/texlive/2020/texmf-dist/tex/latex/fmtcount/fmtcount.sty
Package: fmtcount 2020/01/30 v3.07

(/usr/local/texlive/2020/texmf-dist/tex/latex/fmtcount/fcprefix.sty
Package: fcprefix 2012/09/28

(/usr/local/texlive/2020/texmf-dist/tex/latex/fmtcount/fcnumparser.sty
Package: fcnumparser 2017/06/15
\fc@digit@counter=\count312
))
\c@padzeroesN=\count313
\fc@tmpcatcode=\count314
\@DT@modctr=\count315
\@ordinalctr=\count316
\@orgargctr=\count317
\@strctr=\count318
\@tmpstrctr=\count319
\@DT@loopN=\count320
\@DT@X=\count321
)
(/usr/local/texlive/2020/texmf-dist/tex/latex/datetime/datetime-defaults.sty
Package: datetime-defaults 2013/09/10
)
\@day=\count322
\@month=\count323
\@year=\count324
\c@HOUR=\count325
\c@HOURXII=\count326
\c@MINUTE=\count327
\c@TOHOUR=\count328
\c@TOMINUTE=\count329
\c@SECOND=\count330
\currenthour=\count331
\currentminute=\count332
\currentsecond=\count333
Package datetime Info: No datetime.cfg file found, using default settings on in
put line 308.
\@dtctr=\count334
\dayofyear=\count335
\dayofweek=\count336
LaTeX Info: Redefining \today on input line 736.
\dt@a=\toks57
\dt@b=\toks58
)
(/usr/local/texlive/2020/texmf-dist/tex/latex/tools/bm.sty
Package: bm 2019/07/24 v1.2d Bold Symbol Support (DPC/FMi)
\symboldoperators=\mathgroup7
\symboldletters=\mathgroup8
\symboldsymbols=\mathgroup9
LaTeX Font Info:    Redeclaring math alphabet \mathbf on input line 141.
LaTeX Info: Redefining \bm on input line 209.
)
(/usr/local/texlive/2020/texmf-dist/tex/latex/amsfonts/euscript.sty
Package: euscript 2009/06/22 v3.00 Euler Script fonts
LaTeX Font Info:    Overwriting math alphabet `\EuScript' in version `bold'
(Font)                  U/eus/m/n --> U/eus/b/n on input line 33.
)
(/usr/local/texlive/2020/texmf-dist/tex/latex/cleveref/cleveref.sty
Package: cleveref 2018/03/27 v0.21.4 Intelligent cross-referencing
Package cleveref Info: `hyperref' support loaded on input line 2370.
LaTeX Info: Redefining \cref on input line 2370.
LaTeX Info: Redefining \Cref on input line 2370.
LaTeX Info: Redefining \crefrange on input line 2370.
LaTeX Info: Redefining \Crefrange on input line 2370.
LaTeX Info: Redefining \cpageref on input line 2370.
LaTeX Info: Redefining \Cpageref on input line 2370.
LaTeX Info: Redefining \cpagerefrange on input line 2370.
LaTeX Info: Redefining \Cpagerefrange on input line 2370.
LaTeX Info: Redefining \labelcref on input line 2370.
LaTeX Info: Redefining \labelcpageref on input line 2370.
Package cleveref Info: `amsthm' support loaded on input line 3026.
Package cleveref Info: `algorithm2e' support loaded on input line 3147.
Package cleveref Info: always capitalise cross-reference names on input line 78
25.
Package cleveref Info: always capitalise cross-reference names on input line 78
52.
)
(/usr/local/texlive/2020/texmf-dist/tex/latex/epstopdf-pkg/epstopdf.sty
Package: epstopdf 2020-01-24 v2.11 Conversion with epstopdf on the fly (HO)

(/usr/local/texlive/2020/texmf-dist/tex/latex/grfext/grfext.sty
Package: grfext 2019/12/03 v1.3 Manage graphics extensions (HO)
)
(/usr/local/texlive/2020/texmf-dist/tex/latex/epstopdf-pkg/epstopdf-base.sty
Package: epstopdf-base 2020-01-24 v2.11 Base part for package epstopdf
Package epstopdf-base Info: Redefining graphics rule for `.eps' on input line 4
85.
Package grfext Info: Graphics extension search list:
(grfext)             [.pdf,.png,.jpg,.mps,.jpeg,.jbig2,.jb2,.PDF,.PNG,.JPG,.JPE
G,.JBIG2,.JB2,.eps]
(grfext)             \AppendGraphicsExtensions on input line 504.

(/usr/local/texlive/2020/texmf-dist/tex/latex/latexconfig/epstopdf-sys.cfg
File: epstopdf-sys.cfg 2010/07/13 v1.3 Configuration of (r)epstopdf for TeX Liv
e
)))
(/usr/local/texlive/2020/texmf-dist/tex/latex/jknapltx/young.sty
\hoogte=\dimen331
\breedte=\dimen332
\dikte=\dimen333
)
(/usr/local/texlive/2020/texmf-dist/tex/latex/listings/listings.sty
\lst@mode=\count337
\lst@gtempboxa=\box73
\lst@token=\toks59
\lst@length=\count338
\lst@currlwidth=\dimen334
\lst@column=\count339
\lst@pos=\count340
\lst@lostspace=\dimen335
\lst@width=\dimen336
\lst@newlines=\count341
\lst@lineno=\count342
\lst@maxwidth=\dimen337

(/usr/local/texlive/2020/texmf-dist/tex/latex/listings/lstmisc.sty
File: lstmisc.sty 2020/03/24 1.8d (Carsten Heinz)
\c@lstnumber=\count343
\lst@skipnumbers=\count344
\lst@framebox=\box74
)
(/usr/local/texlive/2020/texmf-dist/tex/latex/listings/listings.cfg
File: listings.cfg 2020/03/24 1.8d listings configuration
))
Package: listings 2020/03/24 1.8d (Carsten Heinz)

(/usr/local/texlive/2020/texmf-dist/tex/latex/geometry/geometry.sty
Package: geometry 2020/01/02 v5.9 Page Geometry

(/usr/local/texlive/2020/texmf-dist/tex/generic/iftex/ifvtex.sty
Package: ifvtex 2019/10/25 v1.7 ifvtex legacy package. Use iftex instead.
)
\Gm@cnth=\count345
\Gm@cntv=\count346
\c@Gm@tempcnt=\count347
\Gm@bindingoffset=\dimen338
\Gm@wd@mp=\dimen339
\Gm@odd@mp=\dimen340
\Gm@even@mp=\dimen341
\Gm@layoutwidth=\dimen342
\Gm@layoutheight=\dimen343
\Gm@layouthoffset=\dimen344
\Gm@layoutvoffset=\dimen345
\Gm@dimlist=\toks60
)
(/usr/local/texlive/2020/texmf-dist/tex/latex/lipsum/lipsum.sty
(/usr/local/texlive/2020/texmf-dist/tex/latex/l3kernel/expl3.sty
Package: expl3 2020-03-06 L3 programming layer (loader) 

(/usr/local/texlive/2020/texmf-dist/tex/latex/l3backend/l3backend-pdfmode.def
File: l3backend-pdfmode.def 2020-03-12 L3 backend support: PDF mode
\l__kernel_color_stack_int=\count348
\l__pdf_internal_box=\box75
)) (/usr/local/texlive/2020/texmf-dist/tex/latex/l3packages/xparse/xparse.sty
Package: xparse 2020-03-06 L3 Experimental document command parser
\l__xparse_current_arg_int=\count349
\g__xparse_grabber_int=\count350
\l__xparse_m_args_int=\count351
\l__xparse_v_nesting_int=\count352
)
Package: lipsum 2019/01/02 v2.2 150 paragraphs of Lorem Ipsum dummy text

(/usr/local/texlive/2020/texmf-dist/tex/latex/lipsum/lipsum.ltd.tex
File: lipsum.ltd.tex 2019/01/02 v2.2 The Lorem ipsum dummy text
))
(/usr/local/texlive/2020/texmf-dist/tex/latex/titlesec/titlesec.sty
Package: titlesec 2019/10/16 v2.13 Sectioning titles
\ttl@box=\box76
\beforetitleunit=\skip89
\aftertitleunit=\skip90
\ttl@plus=\dimen346
\ttl@minus=\dimen347
\ttl@toksa=\toks61
\titlewidth=\dimen348
\titlewidthlast=\dimen349
\titlewidthfirst=\dimen350
)
(/usr/local/texlive/2020/texmf-dist/tex/latex/multirow/multirow.sty
Package: multirow 2019/05/31 v2.5 Span multiple rows of a table
\multirow@colwidth=\skip91
\multirow@cntb=\count353
\multirow@dima=\skip92
\bigstrutjot=\dimen351
)
(/usr/local/texlive/2020/texmf-dist/tex/latex/tools/multicol.sty
Package: multicol 2019/12/09 v1.8y multicolumn formatting (FMi)
\c@tracingmulticols=\count354
\mult@box=\box77
\multicol@leftmargin=\dimen352
\c@unbalance=\count355
\c@collectmore=\count356
\doublecol@number=\count357
\multicoltolerance=\count358
\multicolpretolerance=\count359
\full@width=\dimen353
\page@free=\dimen354
\premulticols=\dimen355
\postmulticols=\dimen356
\multicolsep=\skip93
\multicolbaselineskip=\skip94
\partial@page=\box78
\last@line=\box79
\maxbalancingoverflow=\dimen357
\mult@rightbox=\box80
\mult@grightbox=\box81
\mult@gfirstbox=\box82
\mult@firstbox=\box83
\@tempa=\box84
\@tempa=\box85
\@tempa=\box86
\@tempa=\box87
\@tempa=\box88
\@tempa=\box89
\@tempa=\box90
\@tempa=\box91
\@tempa=\box92
\@tempa=\box93
\@tempa=\box94
\@tempa=\box95
\@tempa=\box96
\@tempa=\box97
\@tempa=\box98
\@tempa=\box99
\@tempa=\box100
\@tempa=\box101
\@tempa=\box102
\@tempa=\box103
\@tempa=\box104
\@tempa=\box105
\@tempa=\box106
\@tempa=\box107
\@tempa=\box108
\@tempa=\box109
\@tempa=\box110
\@tempa=\box111
\@tempa=\box112
\@tempa=\box113
\@tempa=\box114
\@tempa=\box115
\@tempa=\box116
\@tempa=\box117
\@tempa=\box118
\@tempa=\box119
\@tempa=\box120
\c@minrows=\count360
\c@columnbadness=\count361
\c@finalcolumnbadness=\count362
\last@try=\dimen358
\multicolovershoot=\dimen359
\multicolundershoot=\dimen360
\mult@nat@firstbox=\box121
\colbreak@box=\box122
\mc@col@check@num=\count363
)

Package Fancyhdr Warning: \fancyhead's `E' option without twoside option is use
less on input line 80.


Package Fancyhdr Warning: \fancyhead's `E' option without twoside option is use
less on input line 81.


Package Fancyhdr Warning: \fancyheadoffset's `E' option without twoside option 
is useless on input line 85.


Package Fancyhdr Warning: \fancyheadoffset's `E' option without twoside option 
is useless on input line 86.

\c@theorem=\count364
\c@remark=\count365
\c@example=\count366
(./my-details.tex) (./titlepage.tex) (./declaration.tex) (./certificate.tex)
(./acknowledgement.tex)
\c@dummy=\count367
) (./macros.sty
\ml=\skip95
\ld=\skip96
\hd=\skip97

(/usr/local/texlive/2020/texmf-dist/tex/latex/todonotes/todonotes.sty
Package: todonotes 2019/01/24 v1.1.2 Todonotes source and documentation.
Package: todonotes 2018/11/22

(/usr/local/texlive/2020/texmf-dist/tex/generic/pgf/frontendlayer/tikz/librarie
s/tikzlibrarypositioning.code.tex
File: tikzlibrarypositioning.code.tex 2020/01/08 v3.1.5b (3.1.5b)
)
(/usr/local/texlive/2020/texmf-dist/tex/generic/pgf/frontendlayer/tikz/librarie
s/tikzlibraryshadows.code.tex
File: tikzlibraryshadows.code.tex 2020/01/08 v3.1.5b (3.1.5b)

(/usr/local/texlive/2020/texmf-dist/tex/generic/pgf/frontendlayer/tikz/librarie
s/tikzlibraryfadings.code.tex
File: tikzlibraryfadings.code.tex 2020/01/08 v3.1.5b (3.1.5b)

(/usr/local/texlive/2020/texmf-dist/tex/generic/pgf/libraries/pgflibraryfadings
.code.tex
File: pgflibraryfadings.code.tex 2020/01/08 v3.1.5b (3.1.5b)
)))
\c@@todonotes@numberoftodonotes=\count368
) (/usr/local/texlive/2020/texmf-dist/tex/latex/tools/afterpage.sty
Package: afterpage 2014/10/28 v1.08 After-Page Package (DPC)
\AP@output=\toks62
\AP@partial=\box123
\AP@footins=\box124
) (/usr/local/texlive/2020/texmf-dist/tex/latex/tikzscale/tikzscale.sty
Package: tikzscale 2013/05/22 v0.2.6 tikzscale LaTeX package

(/usr/local/texlive/2020/texmf-dist/tex/generic/xstring/xstring.sty
(/usr/local/texlive/2020/texmf-dist/tex/generic/xstring/xstring.tex
\integerpart=\count369
\decimalpart=\count370
)
Package: xstring 2019/02/06 v1.83 String manipulations (CT)
)
\tikzscale@measuredSize=\box125
)
(/usr/local/texlive/2020/texmf-dist/tex/latex/mathtools/empheq.sty
Package: empheq 2017/03/31 v2.15 Emphasizing equations
\l_EQ_equationtype_int=\count371
\l_EQ_alignmentmode_int=\count372
\l_EQ_totalwidth_dim=\dimen361
\l_EQ_displaywidth_dim=\dimen362
\l_EQ_temp_linewidth_dim=\dimen363
\l_EQ_linewidth_dim=\dimen364
\EmphEqdelimitershortfall=\dimen365
\EmphEqdelimiterfactor=\count373
\g_EQ_toptag_height_dim=\dimen366
\g_EQ_bottomtag_depth_dim=\dimen367
\g_EQ_toprow_height_dim=\dimen368
\g_EQ_bottomrow_depth_dim=\dimen369
\g_EQ_widesttag_dim=\dimen370
\EQ_mathdisplay_box=\box126
\EQ_tag_box=\box127
\g_EQ_temprow_int=\count374
)
(/usr/local/texlive/2020/texmf-dist/tex/generic/pgf/frontendlayer/tikz/librarie
s/tikzlibrarymath.code.tex
(/usr/local/texlive/2020/texmf-dist/tex/generic/pgf/frontendlayer/tikz/librarie
s/tikzlibraryfpu.code.tex
(/usr/local/texlive/2020/texmf-dist/tex/generic/pgf/libraries/pgflibraryfpu.cod
e.tex))
\tikz@math@for@depth=\count375
\tikz@math@dimen=\dimen371
\tikz@math@toks=\toks63
) (/usr/local/texlive/2020/texmf-dist/tex/latex/base/latexsym.sty
Package: latexsym 1998/08/17 v2.2e Standard LaTeX package (lasy symbols)
\symlasy=\mathgroup10
LaTeX Font Info:    Overwriting symbol font `lasy' in version `bold'
(Font)                  U/lasy/m/n --> U/lasy/b/n on input line 52.
)
(/usr/local/texlive/2020/texmf-dist/tex/latex/extarrows/extarrows.sty
Package: extarrows 2020/03/12 v1.2.0 Some extensible arrows
)
(/usr/local/texlive/2020/texmf-dist/tex/latex/float/float.sty
Package: float 2001/11/08 v1.3d Float enhancements (AL)
\c@float@type=\count376
\float@exts=\toks64
\float@box=\box128
\@float@everytoks=\toks65
\@floatcapt=\box129
)
\c@todocounter=\count377
)
(/usr/local/texlive/2020/texmf-dist/tex/latex/import/import.sty
Package: import 2020/01/22  v 6.0
)
(/usr/local/texlive/2020/texmf-dist/tex/latex/comment/comment.sty
\CommentStream=\write5

Excluding comment 'comment')
(/usr/local/texlive/2020/texmf-dist/tex/latex/booktabs/booktabs.sty
Package: booktabs 2020/01/12 v1.61803398 Publication quality tables
\heavyrulewidth=\dimen372
\lightrulewidth=\dimen373
\cmidrulewidth=\dimen374
\belowrulesep=\dimen375
\belowbottomsep=\dimen376
\aboverulesep=\dimen377
\abovetopsep=\dimen378
\cmidrulesep=\dimen379
\cmidrulekern=\dimen380
\defaultaddspace=\dimen381
\@cmidla=\count378
\@cmidlb=\count379
\@aboverulesep=\dimen382
\@belowrulesep=\dimen383
\@thisruleclass=\count380
\@lastruleclass=\count381
\@thisrulewidth=\dimen384
)
(/usr/local/texlive/2020/texmf-dist/tex/latex/caption/subcaption.sty
Package: subcaption 2020/01/22 v1.3d Sub-captions (AR)
\c@subfigure=\count382
\c@subtable=\count383
)
(/usr/local/texlive/2020/texmf-dist/tex/generic/pgf/frontendlayer/tikz/librarie
s/tikzlibrarycalc.code.tex
File: tikzlibrarycalc.code.tex 2020/01/08 v3.1.5b (3.1.5b)
)
(/usr/local/texlive/2020/texmf-dist/tex/generic/pgf/frontendlayer/tikz/librarie
s/tikzlibraryfit.code.tex
File: tikzlibraryfit.code.tex 2020/01/08 v3.1.5b (3.1.5b)
)
(/usr/local/texlive/2020/texmf-dist/tex/latex/blindtext/blindtext.sty
Package: blindtext 2012/01/06 V2.0 blindtext-Package
\c@blindtext=\count384
\c@Blindtext=\count385
\c@blind@countparstart=\count386
\blind@countxx=\count387
\blindtext@numBlindtext=\count388
\blind@countyy=\count389
\c@blindlist=\count390
\c@blindlistlevel=\count391
\c@blindlist@level=\count392
\blind@listitem=\count393
\c@blind@listcount=\count394
\c@blind@levelcount=\count395
\blind@mathformula=\count396
\blind@Mathformula=\count397
\c@blind@randomcount=\count398
\c@blind@randommax=\count399
\c@blind@pangramcount=\count400
\c@blind@pangrammax=\count401
)
(/usr/local/texlive/2020/texmf-dist/tex/latex/tcolorbox/tcolorbox.sty
Package: tcolorbox 2019/11/15 version 4.22 text color boxes

(/usr/local/texlive/2020/texmf-dist/tex/latex/environ/environ.sty
Package: environ 2014/05/04 v0.3 A new way to define environments

(/usr/local/texlive/2020/texmf-dist/tex/latex/trimspaces/trimspaces.sty
Package: trimspaces 2009/09/17 v1.1 Trim spaces around a token list
))
\tcb@titlebox=\box130
\tcb@upperbox=\box131
\tcb@lowerbox=\box132
\tcb@phantombox=\box133
\c@tcbbreakpart=\count402
\c@tcblayer=\count403
\tcolorbox@number=\count404
\tcb@temp=\box134
\tcb@temp=\box135
\tcb@temp=\box136
\tcb@temp=\box137
\tcb@out=\write6
\tcb@record@out=\write7
)
\tikzscale@accuracy=\skip98

(./thesis.aux

LaTeX Warning: Label `fig:ATM' multiply defined.


LaTeX Warning: Label `fig:ATM@cref' multiply defined.


LaTeX Warning: Label `fig:ATM' multiply defined.


LaTeX Warning: Label `fig:ATM@cref' multiply defined.


LaTeX Warning: Label `fig:ATM' multiply defined.


LaTeX Warning: Label `fig:ATM@cref' multiply defined.


LaTeX Warning: Label `fig:coord' multiply defined.


LaTeX Warning: Label `fig:coord@cref' multiply defined.


LaTeX Warning: Label `fig:abc' multiply defined.


LaTeX Warning: Label `fig:abc@cref' multiply defined.

)
\openout1 = `thesis.aux'.

LaTeX Font Info:    Checking defaults for OML/cmm/m/it on input line 24.
LaTeX Font Info:    ... okay on input line 24.
LaTeX Font Info:    Checking defaults for OMS/cmsy/m/n on input line 24.
LaTeX Font Info:    ... okay on input line 24.
LaTeX Font Info:    Checking defaults for OT1/cmr/m/n on input line 24.
LaTeX Font Info:    ... okay on input line 24.
LaTeX Font Info:    Checking defaults for T1/cmr/m/n on input line 24.
LaTeX Font Info:    ... okay on input line 24.
LaTeX Font Info:    Checking defaults for TS1/cmr/m/n on input line 24.
LaTeX Font Info:    ... okay on input line 24.
LaTeX Font Info:    Checking defaults for OMX/cmex/m/n on input line 24.
LaTeX Font Info:    ... okay on input line 24.
LaTeX Font Info:    Checking defaults for U/cmr/m/n on input line 24.
LaTeX Font Info:    ... okay on input line 24.
LaTeX Font Info:    Checking defaults for PD1/pdf/m/n on input line 24.
LaTeX Font Info:    ... okay on input line 24.
LaTeX Font Info:    Checking defaults for PU/pdf/m/n on input line 24.
LaTeX Font Info:    ... okay on input line 24.
Package caption Info: Begin \AtBeginDocument code.
Package caption Info: float package is loaded.
Package caption Info: hyperref package is loaded.
Package caption Info: listings package is loaded.
Package caption Info: End \AtBeginDocument code.
 ABD: EveryShipout initializing macros
(/usr/local/texlive/2020/texmf-dist/tex/context/base/mkii/supp-pdf.mkii
[Loading MPS to PDF converter (version 2006.09.02).]
\scratchcounter=\count405
\scratchdimen=\dimen385
\scratchbox=\box138
\nofMPsegments=\count406
\nofMParguments=\count407
\everyMPshowfont=\toks66
\MPscratchCnt=\count408
\MPscratchDim=\dimen386
\MPnumerator=\count409
\makeMPintoPDFobject=\count410
\everyMPtoPDFconversion=\toks67
)
LaTeX Font Info:    Trying to load font information for U+msa on input line 24.

 (/usr/local/texlive/2020/texmf-dist/tex/latex/amsfonts/umsa.fd
File: umsa.fd 2013/01/14 v3.01 AMS symbols A
)
LaTeX Font Info:    Trying to load font information for U+msb on input line 24.


(/usr/local/texlive/2020/texmf-dist/tex/latex/amsfonts/umsb.fd
File: umsb.fd 2013/01/14 v3.01 AMS symbols B
)
LaTeX Font Info:    Trying to load font information for U+rsfs on input line 24
.

(/usr/local/texlive/2020/texmf-dist/tex/latex/jknapltx/ursfs.fd
File: ursfs.fd 1998/03/24 rsfs font definition file (jk)
)
LaTeX Font Info:    Trying to load font information for U+lasy on input line 24
.

(/usr/local/texlive/2020/texmf-dist/tex/latex/base/ulasy.fd
File: ulasy.fd 1998/08/17 v2.2e LaTeX symbol font definitions
)
Package xypdf Info: Line width: 0.47998pt on input line 24.
\AtBeginShipoutBox=\box139
Package hyperref Info: Link coloring ON on input line 24.

(/usr/local/texlive/2020/texmf-dist/tex/latex/hyperref/nameref.sty
Package: nameref 2019/09/16 v2.46 Cross-referencing by name of section

(/usr/local/texlive/2020/texmf-dist/tex/latex/refcount/refcount.sty
Package: refcount 2019/12/15 v3.6 Data extraction from label references (HO)
)
(/usr/local/texlive/2020/texmf-dist/tex/generic/gettitlestring/gettitlestring.s
ty
Package: gettitlestring 2019/12/15 v1.6 Cleanup title references (HO)
)
\c@section@level=\count411
)
LaTeX Info: Redefining \ref on input line 24.
LaTeX Info: Redefining \pageref on input line 24.
LaTeX Info: Redefining \nameref on input line 24.
 (./thesis.out) (./thesis.out)
\@outlinefile=\write8
\openout8 = `thesis.out'.


(/usr/local/texlive/2020/texmf-dist/tex/latex/fmtcount/fc-english.def
File: fc-english.def 2016/01/12
)
\c@lstlisting=\count412

*geometry* driver: auto-detecting
*geometry* detected driver: pdftex
*geometry* verbose mode - [ preamble ] result:
* driver: pdftex
* paper: <default>
* layout: <same size as paper>
* layoutoffset:(h,v)=(0.0pt,0.0pt)
* modes: 
* h-part:(L,W,R)=(89.72311pt, 418.70181pt, 89.72313pt)
* v-part:(T,H,B)=(101.50906pt, 592.1277pt, 152.26366pt)
* \paperwidth=598.14806pt
* \paperheight=845.90042pt
* \textwidth=417.47307pt
* \textheight=670.5193pt
* \oddsidemargin=90.3375pt
* \evensidemargin=90.3375pt
* \topmargin=57.81621pt
* \headheight=20.0pt
* \headsep=18.06749pt
* \topskip=12.0pt
* \footskip=21.68121pt
* \marginparwidth=38.0pt
* \marginparsep=7.0pt
* \columnsep=10.0pt
* \skip\footins=10.8pt plus 4.0pt minus 2.0pt
* \hoffset=-72.26999pt
* \voffset=-72.26999pt
* \mag=1000
* \@twocolumnfalse
* \@twosidefalse
* \@mparswitchfalse
* \@reversemarginfalse
* (1in=72.27pt=25.4mm, 1cm=28.453pt)


Package todonotes Warning: The length marginparwidth is less than 2cm and will 
most likely cause issues with the appearance of inserted todonotes. The issue c
an be solved by adding a line like \setlength {\marginparwidth }{2cm} prior to 
loading the todonotes package. on input line 24.

<CMIlogo.png, id=577, 81.906pt x 18.0675pt>
File: CMIlogo.png Graphic file (type png)
<use CMIlogo.png>
Package pdftex.def Info: CMIlogo.png  used on input line 26.
(pdftex.def)             Requested size: 213.39566pt x 47.08104pt.
[1


{/usr/local/texlive/2020/texmf-var/fonts/map/pdftex/updmap/pdftex.map} <./CMIlo
go.png>] [2]
<cmi-chennai.jpg, id=592, 158.5925pt x 104.39pt>
File: cmi-chennai.jpg Graphic file (type jpg)
<use cmi-chennai.jpg>
Package pdftex.def Info: cmi-chennai.jpg  used on input line 28.
(pdftex.def)             Requested size: 62.59605pt x 41.20253pt.
 [1 <./cmi-chennai.jpg>]
File: cmi-chennai.jpg Graphic file (type jpg)
<use cmi-chennai.jpg>
Package pdftex.def Info: cmi-chennai.jpg  used on input line 29.
(pdftex.def)             Requested size: 62.59605pt x 41.20253pt.

Overfull \hbox (5.74437pt too wide) in paragraph at lines 29--30
$[]$$[]$   
 []

[2] [3] (./thesis.toc [4

]

LaTeX Warning: Citation `DBLP:conf/fossacs/AkshayGHM20' on page v undefined on 
input line 93.

[5]
Overfull \hbox (0.531pt too wide) in paragraph at lines 144--144
  [][][]\OT1/cmr/bx/n/12 Synchronization Ex-tremes: Free and Always-Synchronizi
ng LTNs[][] []  
 []

[6])
\tf@toc=\write9
\openout9 = `thesis.toc'.

 [7] (./ch1.tex
Chapter 1.
[1


] [2] [3]
Overfull \hbox (5.14589pt too wide) in paragraph at lines 73--74
[]\OT1/cmr/bx/n/12 Goal at-tain-ment\OT1/cmr/m/n/12 : can a de-sired con-trol p
oint, out-come, or mark-ing be reached? 
 []

[4]
Overfull \hbox (6.09708pt too wide) in paragraph at lines 94--95
\OT1/cmr/m/n/12 real-valued clocks, guards, and re-sets. From ne-go-ti-a-tions 
they in-herit an interaction-
 []

[5]

LaTeX Warning: Citation `AlurDillTA' on page 6 undefined on input line 98.


LaTeX Warning: Citation `AlurDillTA' on page 6 undefined on input line 100.


LaTeX Warning: Citation `DillPhD' on page 6 undefined on input line 100.


Overfull \hbox (26.6218pt too wide) in paragraph at lines 177--178
 [][] 
 []

[6]

LaTeX Warning: Citation `EsparzaDeselNegotiations' on page 7 undefined on input
 line 186.


LaTeX Warning: Citation `EsparzaWorkflow' on page 7 undefined on input line 192
.


LaTeX Warning: Citation `EsparzaFreeChoice' on page 7 undefined on input line 1
92.

[7] [8] [9]
Underfull \hbox (badness 3579) in paragraph at lines 314--314
[]\OT1/cmr/bx/n/12 What is prim-i-
 []


Underfull \hbox (badness 10000) in paragraph at lines 314--314
[]\OT1/cmr/bx/n/12 How does time
 []


Underfull \hbox (badness 1533) in paragraph at lines 316--316
[]\OT1/cmr/m/n/12 local con-trol tran-
 []


Underfull \hbox (badness 1776) in paragraph at lines 316--316
[]\OT1/cmr/m/n/12 globally, through a
 []


Underfull \hbox (badness 10000) in paragraph at lines 316--317
[]\OT1/cmr/m/n/12 timing con-straints;
 []


Underfull \hbox (badness 10000) in paragraph at lines 317--317
[]\OT1/cmr/m/n/12 atomic mul-ti-party
 []


Underfull \hbox (badness 10000) in paragraph at lines 317--317
\OT1/cmr/m/n/12 in-ter-ac-tion and
 []


Underfull \hbox (badness 1577) in paragraph at lines 317--318
[]\OT1/cmr/m/n/12 synchronization and
 []


Underfull \hbox (badness 5446) in paragraph at lines 318--318
[]\OT1/cmr/m/n/12 Local-timed ne-
 []


Underfull \hbox (badness 10000) in paragraph at lines 318--318
[]\OT1/cmr/m/n/12 atomic mul-ti-party
 []


Underfull \hbox (badness 10000) in paragraph at lines 318--318
\OT1/cmr/m/n/12 in-ter-ac-tion plus
 []


Underfull \hbox (badness 6725) in paragraph at lines 318--318
\OT1/cmr/m/n/12 lo-cal tim-ing con-
 []


Underfull \hbox (badness 5787) in paragraph at lines 318--318
[]\OT1/cmr/m/n/12 locally, per agent;
 []


Underfull \hbox (badness 5667) in paragraph at lines 318--318
\OT1/cmr/m/n/12 syn-chro-niza-tion op-
 []


Underfull \hbox (badness 10000) in paragraph at lines 318--318
\OT1/cmr/m/n/12 tional at se-lected
 []


Underfull \hbox (badness 10000) in paragraph at lines 318--319
[]\OT1/cmr/m/n/12 both in-ter-ac-tion
 []


Underfull \hbox (badness 2486) in paragraph at lines 318--319
\OT1/cmr/m/n/12 struc-ture and tem-
 []


Overfull \hbox (37.40181pt too wide) in paragraph at lines 312--321
 [] 
 []

[10] [11]
Overfull \hbox (1.95662pt too wide) in paragraph at lines 419--419
[][]$[]$  
 []


Overfull \hbox (5.22047pt too wide) in paragraph at lines 426--426
[][]$[]\OML/cmm/m/it/12 ;$ 
 []

[12] [13] [14]
Overfull \hbox (20.17513pt too wide) in paragraph at lines 510--511
\OT1/cmr/m/n/12 The fi-nal ma-jor con-tri-bu-tion is a struc-tural frag-ment ca
lled \OT1/cmr/m/it/12 connectedly-communicating
 []

[15]
Underfull \hbox (badness 1226) in paragraph at lines 525--526
[]\OT1/cmr/m/n/12 unbounded drift can
 []


Underfull \hbox (badness 10000) in paragraph at lines 526--526
[]\OT1/cmr/m/n/12 PSPACE-
 []


Underfull \hbox (badness 10000) in paragraph at lines 527--527
[]\OT1/cmr/m/n/12 PSPACE-
 []


Underfull \hbox (badness 5726) in paragraph at lines 527--528
[]\OT1/cmr/m/n/12 drift can-not per-sist
 []


Underfull \hbox (badness 10000) in paragraph at lines 528--528
[]\OT1/cmr/m/n/12 PSPACE-
 []


Underfull \hbox (badness 10000) in paragraph at lines 528--528
\OT1/cmr/m/n/12 complete (fixed
 []


Underfull \hbox (badness 10000) in paragraph at lines 529--530
[]\OT1/cmr/m/n/12 acyclicity pre-vents
 []


Underfull \hbox (badness 10000) in paragraph at lines 530--530
[]\OT1/cmr/m/n/12 Connectedly-
 []


Underfull \hbox (badness 2809) in paragraph at lines 530--531
\OT1/cmr/m/n/12 ture forces bounded
 []

[16]

LaTeX Warning: Reference `chap:synch-fragments' on page 17 undefined on input l
ine 562.


LaTeX Warning: Reference `chap:connected-communicating' on page 17 undefined on
 input line 566.


Overfull \hbox (7.79482pt too wide) in paragraph at lines 569--570
[] []\OT1/cmr/bx/n/12 Con-clu-sion and out-look.[] \OT1/cmr/m/n/12 Chap-ter 7 s
um-ma-rizes the over-all pic-ture that emerges
 []

[17]

LaTeX Warning: Reference `chap:synch-fragments' on page 18 undefined on input l
ine 572.


LaTeX Warning: Reference `chap:connected-communicating' on page 18 undefined on
 input line 572.


LaTeX Warning: Citation `AlurDillTA' on page 18 undefined on input line 583.


LaTeX Warning: Citation `DillPhD' on page 18 undefined on input line 583.


LaTeX Warning: Citation `LocalTimeTA' on page 18 undefined on input line 585.


LaTeX Warning: Citation `LocalZone1' on page 18 undefined on input line 585.


LaTeX Warning: Citation `LocalZone2' on page 18 undefined on input line 585.


LaTeX Warning: Citation `LocalBuchi' on page 18 undefined on input line 585.


LaTeX Warning: Citation `MerlinTimePN' on page 18 undefined on input line 589.


LaTeX Warning: Citation `HansenTimedArc' on page 18 undefined on input line 589
.


LaTeX Warning: Citation `AlurMSC' on page 18 undefined on input line 589.

[18]

LaTeX Warning: Citation `EsparzaUnfoldings' on page 19 undefined on input line 
591.


LaTeX Warning: Citation `KhomenkoTimePN' on page 19 undefined on input line 591
.


LaTeX Warning: Citation `EsparzaDeselNegotiations' on page 19 undefined on inpu
t line 595.


LaTeX Warning: Citation `EsparzaWorkflow' on page 19 undefined on input line 59
5.


LaTeX Warning: Citation `EsparzaFreeChoice' on page 19 undefined on input line 
595.


LaTeX Warning: Citation `LTNOriginal' on page 19 undefined on input line 597.


LaTeX Warning: Citation `DriftTA1' on page 19 undefined on input line 601.


LaTeX Warning: Citation `DriftTA2' on page 19 undefined on input line 601.


LaTeX Warning: Citation `HenriksenMSG' on page 19 undefined on input line 603.


LaTeX Warning: Citation `PnueliRosner' on page 19 undefined on input line 603.

[19]) [20] [21

] (./ch2.tex
Chapter 2.
[22

]

LaTeX Warning: Citation `EsparzaDeselNegotiations' on page 23 undefined on inpu
t line 27.

Package hyperref Info: bookmark level for unknown definition defaults to 0 on i
nput line 34.
[23] [24] [25]
Overfull \hbox (30.67155pt too wide) detected at line 159
[]\OT1/cmr/m/n/12 (\OML/cmm/m/it/12 n[]\OT1/cmr/m/n/12 ) = \OMS/cmsy/m/n/12 f\O
ML/cmm/m/it/12 c; b\OMS/cmsy/m/n/12 g\OML/cmm/m/it/12 ;  []\OT1/cmr/m/n/12 (\OM
L/cmm/m/it/12 n[]\OT1/cmr/m/n/12 ) = \OMS/cmsy/m/n/12 f\OML/cmm/m/it/12 c; a\OM
S/cmsy/m/n/12 g\OML/cmm/m/it/12 ;  []\OT1/cmr/m/n/12 (\OML/cmm/m/it/12 n[]\OT1/
cmr/m/n/12 ) = \OMS/cmsy/m/n/12 f\OML/cmm/m/it/12 a; b\OMS/cmsy/m/n/12 g\OML/cm
m/m/it/12 ;  []\OT1/cmr/m/n/12 (\OML/cmm/m/it/12 n[]\OT1/cmr/m/n/12 ) = \OMS/cm
sy/m/n/12 f\OML/cmm/m/it/12 c; a; b\OMS/cmsy/m/n/12 g\OML/cmm/m/it/12 :
 []


Overfull \hbox (51.50491pt too wide) in paragraph at lines 166--168
\OT1/cmr/m/n/12 Writing $\OML/cmm/m/it/12 N[] \OT1/cmr/m/n/12 = \OMS/cmsy/m/n/1
2 f\OML/cmm/m/it/12 n[]; n[]; n[]; n[]; n[]\OMS/cmsy/m/n/12 g$\OT1/cmr/m/n/12 ,
 $\OML/cmm/m/it/12 N[] \OT1/cmr/m/n/12 = \OMS/cmsy/m/n/12 f\OML/cmm/m/it/12 n[]
; n[]; n[]; n[]; n[]; n[]\OMS/cmsy/m/n/12 g$\OT1/cmr/m/n/12 , and $\OML/cmm/m/i
t/12 N[] \OT1/cmr/m/n/12 = \OMS/cmsy/m/n/12 f\OML/cmm/m/it/12 n[]; n[]; n[]; n[
]; n[]\OMS/cmsy/m/n/12 g$\OT1/cmr/m/n/12 ,
 []

[26]
Overfull \hbox (1.95662pt too wide) in paragraph at lines 272--272
[][]$[]$  
 []


Overfull \hbox (1.95662pt too wide) in paragraph at lines 279--279
[][]$[]$  
 []

[27] [28]

LaTeX Warning: Reference `app:pollination-extended' on page 29 undefined on inp
ut line 338.


LaTeX Warning: Citation `EsparzaDeselNegotiations' on page 29 undefined on inpu
t line 341.

[29]

LaTeX Warning: Reference `fig:pollination' on page 30 undefined on input line 4
42.


Overfull \hbox (5.43794pt too wide) in paragraph at lines 539--540
[][] 
 []


Overfull \hbox (5.43794pt too wide) in paragraph at lines 632--633
[][] 
 []


Overfull \hbox (5.43794pt too wide) in paragraph at lines 725--726
[][] 
 []


Overfull \hbox (5.43794pt too wide) in paragraph at lines 820--821
[][] 
 []


Overfull \hbox (5.43794pt too wide) in paragraph at lines 913--914
[][] 
 []


Overfull \hbox (5.43794pt too wide) in paragraph at lines 1006--1007
[][] 
 []


LaTeX Warning: Reference `fig:pollination' on page 30 undefined on input line 1
008.


LaTeX Warning: Reference `fig:pollination' on page 30 undefined on input line 1
008.


LaTeX Warning: Reference `sec:negotiations' on page 30 undefined on input line 
1015.


LaTeX Warning: Citation `EsparzaDeselNegotiations' on page 30 undefined on inpu
t line 1015.

[30]

LaTeX Warning: Citation `EsparzaDeselNegotiations' on page 31 undefined on inpu
t line 1029.


LaTeX Warning: Citation `EsparzaWorkflow' on page 31 undefined on input line 10
29.


LaTeX Warning: Citation `EsparzaFreeChoice' on page 31 undefined on input line 
1029.

[31]

LaTeX Warning: Citation `DeselEsparzaNegPN' on page 32 undefined on input line 
1045.


LaTeX Warning: Citation `EsparzaWorkflow' on page 32 undefined on input line 10
80.


LaTeX Warning: Citation `DijkmanBPMN' on page 32 undefined on input line 1080.


LaTeX Warning: Citation `EsparzaFreeChoice' on page 32 undefined on input line 
1080.

[32]

LaTeX Warning: Citation `AlurDillTA' on page 33 undefined on input line 1088.

[33]

Package hyperref Warning: Token not allowed in a PDF string (Unicode):
(hyperref)                removing `\@ifnextchar' on input line 1138.

[34]

LaTeX Warning: Reference `' on page 35 undefined on input line 1162.

Package hyperref Info: bookmark level for unknown lemma defaults to 0 on input 
line 1175.
[35] [36]

LaTeX Warning: Reference `lem:time-elapse-region' on page 37 undefined on input
 line 1204.

Package hyperref Info: bookmark level for unknown theorem defaults to 0 on inpu
t line 1215.
[37]

LaTeX Warning: Citation `LocalTimeTA' on page 38 undefined on input line 1265.


LaTeX Warning: Citation `LocalZone1' on page 38 undefined on input line 1265.


LaTeX Warning: Citation `LocalZone2' on page 38 undefined on input line 1265.


LaTeX Warning: Citation `LocalBuchi' on page 38 undefined on input line 1265.

[38]
Underfull \hbox (badness 10000) in paragraph at lines 1325--1325
[]\OT1/cmr/m/n/12 Global-time se-man-
 []


LaTeX Warning: Float too large for page by 15.7052pt on input line 1332.

[39] [40]) (./ch3.tex [41]
Chapter 3.

LaTeX Warning: Reference `sec:networks-ta' on page 42 undefined on input line 2
4.

[42

]

LaTeX Warning: Citation `DBLP:conf/concur/EsparzaD13' on page 43 undefined on i
nput line 74.


LaTeX Warning: Citation `DBLP:journals/acta/DeselEH19' on page 43 undefined on 
input line 74.


LaTeX Warning: Citation `DBLP:journals/lmcs/EsparzaKMW18' on page 43 undefined 
on input line 75.


LaTeX Warning: Citation `DBLP:conf/lics/EsparzaMW17' on page 43 undefined on in
put line 75.


LaTeX Warning: Citation `DBLP:conf/fossacs/AkshayGHM20' on page 43 undefined on
 input line 77.

[43]

LaTeX Warning: Citation `DBLP:conf/concur/BengtssonJLY98' on page 44 undefined 
on input line 81.


LaTeX Warning: Citation `DBLP:conf/concur/GovindHSW19' on page 44 undefined on 
input line 82.


LaTeX Warning: Citation `DBLP:conf/lics/0001HSW22' on page 44 undefined on inpu
t line 82.


LaTeX Warning: Citation `DBLP:conf/concur/HerbreteauSW22' on page 44 undefined 
on input line 83.


LaTeX Warning: Citation `DBLP:conf/fossacs/AkshayGHM20' on page 44 undefined on
 input line 87.


Package hyperref Warning: Token not allowed in a PDF string (Unicode):
(hyperref)                removing `\@ifnextchar' on input line 87.


LaTeX Warning: Citation `DBLP:conf/fossacs/AkshayGHM20' on page 44 undefined on
 input line 90.

[44]
Overfull \hbox (1.95662pt too wide) in paragraph at lines 191--191
[][]$[]$  
 []


Overfull \hbox (5.22047pt too wide) in paragraph at lines 198--198
[][]$[]\OML/cmm/m/it/12 ;$ 
 []

[45] [46] [47]

LaTeX Warning: Reference `def:negotiation' on page 48 undefined on input line 3
21.

[48] [49] [50] [51]
Overfull \hbox (8.67151pt too wide) in paragraph at lines 499--503
[] []\OT1/cmr/bx/n/12 Node-based syn-chro-niza-tion.[] \OT1/cmr/m/n/12 Syn-chro
-niza-tion is as-so-ci-ated with nodes (atomic
 []

[52]
Package hyperref Info: bookmark level for unknown example defaults to 0 on inpu
t line 522.

Overfull \hbox (6.9472pt too wide) in paragraph at lines 524--525
[]\OT1/cmr/m/it/12 Example \OT1/cmr/m/n/12 3.9.1 (Forc-ing in-ter-me-di-ate in-
ter-ac-tions via tim-ing)\OT1/cmr/m/it/12 . []\OT1/cmr/m/n/12 Con-sider three a
gents:
 []

Missing character: There is no ; in font nullfont!
[53] [54]
Package hyperref Info: bookmark level for unknown proposition defaults to 0 on 
input line 758.
 [55] [56]
Overfull \hbox (3.36423pt too wide) in paragraph at lines 853--859
[]\OT1/cmr/m/n/12 Increment and decre-ment op-er-a-tions are im-ple-mented by a
l-low-ing cer-tain agents
 []

[57] [58] [59]
<decrement-gadget.pdf, id=1241, 364.53288pt x 413.36433pt>
File: decrement-gadget.pdf Graphic file (type pdf)
<use decrement-gadget.pdf>
Package pdftex.def Info: decrement-gadget.pdf  used on input line 1055.
(pdftex.def)             Requested size: 400.77695pt x 454.46248pt.
 [60] [61]
<jump-gadget.pdf, id=1254, 266.73955pt x 401.9838pt>
File: jump-gadget.pdf Graphic file (type pdf)
<use jump-gadget.pdf>
Package pdftex.def Info: jump-gadget.pdf  used on input line 1226.
(pdftex.def)             Requested size: 400.77695pt x 604.02307pt.
 [62]
Overfull \hbox (3.26111pt too wide) in paragraph at lines 1304--1307
\OT1/cmr/m/n/12 and all lo-cal clocks are again $0$. There-fore the tar-get con
-fig-u-ra-tion en-codes $(\OML/cmm/m/it/12 `[]; \OT1/cmr/m/n/12 0\OML/cmm/m/it/
12 ; c[]\OT1/cmr/m/n/12 )$,
 []

[63] [64]

LaTeX Warning: Reference `subsec:ltn-vendor' on page 65 undefined on input line
 1422.

[65] [66]) [67] [68 <./decrement-gadget.pdf>] [69 <./jump-gadget.pdf>] [70

]
(./ch4.tex [71]
Chapter 4.

Overfull \hbox (7.6515pt too wide) in paragraph at lines 13--16
[]\OT1/cmr/m/it/12 Explicit syn-chro-niza-tion\OT1/cmr/m/n/12 : syn-chro-niz-in
g nodes re-quire equal-ity of ref-er-ence clocks,
 []

[72

]

LaTeX Warning: Reference `sec:always-sync' on page 73 undefined on input line 5
3.


LaTeX Warning: Reference `sec:always-sync' on page 73 undefined on input line 6
4.


LaTeX Warning: Reference `sec:fragments-synthesis' on page 73 undefined on inpu
t line 65.


LaTeX Warning: Reference `sec:fragments-next' on page 73 undefined on input lin
e 66.

Excluding 'comment' comment. [73] [74]

LaTeX Warning: Citation `DBLP:journals/tcs/AlurD94' on page 75 undefined on inp
ut line 320.

[75] [76]

LaTeX Warning: Reference `lem:TA-region-time-elapse' on page 77 undefined on in
put line 438.

[77] [78]

LaTeX Warning: Reference `lem:product-region-compat' on page 79 undefined on in
put line 586.

[79] [80]

LaTeX Warning: Reference `lem:product-region-compat' on page 81 undefined on in
put line 671.


Overfull \hbox (148.10298pt too wide) detected at line 735
\OML/cmm/m/it/12 R[] \OMS/cmsy/m/n/12 ^^B \OML/cmm/m/it/12 R[]  []  R[] \OMS/cm
sy/m/n/12 ^^B \OML/cmm/m/it/12 R[]  []  R[] \OMS/cmsy/m/n/12 ^^B \OML/cmm/m/it/
12 R[]  []  R[] \OMS/cmsy/m/n/12 ^^B \OML/cmm/m/it/12 R[]  []  R[] \OMS/cmsy/m/
n/12 ^^B \OML/cmm/m/it/12 R[]:
 []

[81]
Overfull \hbox (8.70914pt too wide) in paragraph at lines 768--770
[]\OT1/cmr/m/n/12 Assume $\OMS/cmsy/m/n/12 N$ \OT1/cmr/m/n/12 is synchronizatio
n-free, so only lo-cal clocks
 []


LaTeX Warning: Reference `def:prod-reg-aut' on page 82 undefined on input line 
785.

[82]

LaTeX Warning: Reference `def:prod-reg-aut' on page 83 undefined on input line 
826.

[83]
LaTeX Font Info:    Font shape `OT1/cmss/m/it' in size <12> not available
(Font)              Font shape `OT1/cmss/m/sl' tried instead on input line 880.



LaTeX Warning: Citation `SAVITCH1970177' on page 84 undefined on input line 904
.


LaTeX Warning: Citation `DBLP:journals/tcs/AlurD94' on page 84 undefined on inp
ut line 907.


Overfull \hbox (5.34418pt too wide) in paragraph at lines 907--910
[] []\OT1/cmr/bx/n/12 Lower bound.[] \OT1/cmss/m/n/12 PSPACE\OT1/cmr/m/n/12 -ha
rdness fol-lows from reach-a-bil-ity in timed au-tomata [[]].
 []


Overfull \hbox (0.5346pt too wide) in paragraph at lines 919--920
[]\OT1/cmr/bx/n/12 Definition 4.11 \OT1/cmr/m/n/12 (Al-ways-syn-chro-niz-ing LT
N)\OT1/cmr/bx/n/12 . []\OT1/cmr/m/n/12 An LTN $\OMS/cmsy/m/n/12 N$ \OT1/cmr/m/n
/12 is \OT1/cmr/m/it/12 always-synchronizing
 []

[84] [85] [86]

LaTeX Warning: Reference `thm:monotone-witness' on page 87 undefined on input l
ine 1021.


Overfull \hbox (31.6955pt too wide) detected at line 1068
\OT1/cmr/m/n/12 (\OML/cmm/m/it/12 C[]; v[]\OT1/cmr/m/n/12 ) [] (\OML/cmm/m/it/1
2 C[]; w[]\OT1/cmr/m/n/12 ) [] (\OML/cmm/m/it/12 C[]; v[]\OT1/cmr/m/n/12 ) [] (
\OML/cmm/m/it/12 C[]; w[]\OT1/cmr/m/n/12 ) [] [] [] (\OML/cmm/m/it/12 C[]; w[]\
OT1/cmr/m/n/12 ) [] (\OML/cmm/m/it/12 C[]; v[]\OT1/cmr/m/n/12 )\OML/cmm/m/it/12
 ;
 []

[87]

LaTeX Warning: Reference `def:monotone-run' on page 88 undefined on input line 
1071.

[88] [89]

LaTeX Warning: Reference `def:monotone-run' on page 90 undefined on input line 
1223.

[90]
Overfull \hbox (15.65689pt too wide) detected at line 1281
\OT1/cmr/m/n/12 (\OML/cmm/m/it/12 C[]; u[]\OT1/cmr/m/n/12 ) [] (\OML/cmm/m/it/1
2 C[]; u[] \OT1/cmr/m/n/12 + \OML/cmm/m/it/12 d[]\OT1/cmr/m/n/12 ) [] (\OML/cmm
/m/it/12 C[]; u[]\OT1/cmr/m/n/12 ) [] [] [] (\OML/cmm/m/it/12 C[]; u[] \OT1/cmr
/m/n/12 + \OML/cmm/m/it/12 d[]\OT1/cmr/m/n/12 ) [] (\OML/cmm/m/it/12 C[]; u[]\O
T1/cmr/m/n/12 )\OML/cmm/m/it/12 ;
 []

[91]
Overfull \hbox (7.64995pt too wide) in paragraph at lines 1314--1315
[]\OT1/cmr/bx/n/12 Theorem 4.17. []\OT1/cmr/m/it/12 Location-reachability is \O
T1/cmss/m/sl/12 PSPACE\OT1/cmr/m/it/12 -complete for always-synchronizing
 []


Overfull \hbox (13.5697pt too wide) in paragraph at lines 1344--1345
\OT1/cmr/m/n/12 We have es-tab-lished PSPACE-completeness for both synchronizat
ion-free and always-
 []


Underfull \hbox (badness 10000) in paragraph at lines 1357--1357
[]\OT1/cmr/m/n/12 Clocks in-de-pen-dent per
 []


Underfull \hbox (badness 2600) in paragraph at lines 1359--1359
[]\OT1/cmr/m/n/12 Product of per-agent re-
 []


Underfull \hbox (badness 6876) in paragraph at lines 1365--1366
[]\OT1/cmr/m/n/12 Enforces tem-po-ral align-
 []

[92] [93]
Overfull \hbox (41.49886pt too wide) in paragraph at lines 1402--1403
 [] 
 []


LaTeX Warning: Reference `chap:drift' on page 94 undefined on input line 1407.


LaTeX Warning: Reference `chap:connected' on page 94 undefined on input line 14
09.

) (./ch5.tex [94]
Chapter 5.
[95

]

LaTeX Warning: Reference `cor:acyclic-drift-bounded' on page 96 undefined on in
put line 31.


Overfull \hbox (2.92485pt too wide) in paragraph at lines 31--32
[] []\OT1/cmr/bx/n/12 Struc-tural im-pli-ca-tion: acyclic LTNs.[] \OT1/cmr/m/n/
12 We then in-ves-ti-gate when drift bound-
 []


Overfull \hbox (3.40543pt too wide) in paragraph at lines 44--45
\OT1/cmr/m/n/12 man-dat-ing syn-chro-niza-tion) to \OT1/cmr/m/it/12 se-man-tic 
\OT1/cmr/m/n/12 re-stric-tions (bound-ing di-ver-gence in reach-
 []

[96]

LaTeX Warning: Reference `chap:connected-communication' on page 97 undefined on
 input line 54.


Underfull \hbox (badness 1178) in paragraph at lines 147--147
 \OT1/cmr/m/n/10 reach-able con-fig-u-ra-tions sat-isfy $\OMS/cmsy/m/n/10 j\OML
/cmm/m/it/10 v\OT1/cmr/m/n/10 (\OML/cmm/m/it/10 t[]\OT1/cmr/m/n/10 ) \OMS/cmsy/
m/n/10 ^^@ 
 []

[97] [98]
Overfull \hbox (4.4507pt too wide) in paragraph at lines 235--235
[][]$\OMS/cmsy/m/n/12 f\OML/cmm/m/it/12 x\OMS/cmsy/m/n/12 g$  
 []


Overfull \hbox (3.93332pt too wide) in paragraph at lines 236--236
[][]$\OMS/cmsy/m/n/12 f\OML/cmm/m/it/12 y\OMS/cmsy/m/n/12 g$  
 []

[99] [100]

Package hyperref Warning: Token not allowed in a PDF string (Unicode):
(hyperref)                removing `math shift' on input line 299.


Package hyperref Warning: Token not allowed in a PDF string (Unicode):
(hyperref)                removing `math shift' on input line 299.


LaTeX Warning: Citation `DBLP:conf/concur/HerbreteauSW22' on page 101 undefined
 on input line 307.

[101]

Package hyperref Warning: Token not allowed in a PDF string (Unicode):
(hyperref)                removing `math shift' on input line 357.


Package hyperref Warning: Token not allowed in a PDF string (Unicode):
(hyperref)                removing `math shift' on input line 357.

[102]

LaTeX Warning: Citation `AlurDill94' on page 103 undefined on input line 399.

[103]

Package hyperref Warning: Token not allowed in a PDF string (Unicode):
(hyperref)                removing `math shift' on input line 418.


Package hyperref Warning: Token not allowed in a PDF string (Unicode):
(hyperref)                removing `math shift' on input line 418.


Package hyperref Warning: Token not allowed in a PDF string (Unicode):
(hyperref)                removing `math shift' on input line 418.


Package hyperref Warning: Token not allowed in a PDF string (Unicode):
(hyperref)                removing `math shift' on input line 418.


Package hyperref Warning: Token not allowed in a PDF string (Unicode):
(hyperref)                removing `math shift' on input line 435.


Package hyperref Warning: Token not allowed in a PDF string (Unicode):
(hyperref)                removing `math shift' on input line 435.

[104]

LaTeX Warning: Citation `Minsky67' on page 105 undefined on input line 445.

[105] [106] [107] [108]
Overfull \hbox (1.94496pt too wide) in paragraph at lines 609--610
\OT1/cmr/m/n/12 synchronization-free LTNs triv-i-al-ize drift by pre-vent-ing c
lock com-par-isons, while
 []


Overfull \hbox (13.22968pt too wide) in paragraph at lines 611--612
[]\OT1/cmr/bx/n/12 Existential vs. uni-ver-sal: \OT1/cmr/m/n/12 The ex-is-ten-t
ial no-tion of drift bound-ed-ness (retiming-
 []

[109]

LaTeX Warning: Reference `chap:connected-communication' on page 110 undefined o
n input line 629.

) (./ch6.tex [110]
Chapter 6.

LaTeX Warning: Citation `DBLP:conf/concur/HerbreteauSW22' on page 111 undefined
 on input line 5.

[111

]
Overfull \hbox (1.29875pt too wide) in paragraph at lines 24--25
[]\OT1/cmr/bx/n/12 Theorem 6.1 \OT1/cmr/m/n/12 (In-for-mal state-ment)\OT1/cmr/
bx/n/12 . []\OT1/cmr/m/it/12 Ev-ery connectedly-communicating local-timed
 []

Package hyperref Info: bookmark level for unknown corollary defaults to 0 on in
put line 33.

LaTeX Warning: Citation `DBLP:conf/concur/AlurY99' on page 112 undefined on inp
ut line 49.


LaTeX Warning: Citation `DBLP:conf/fsttcs/MadhusudanTY05' on page 112 undefined
 on input line 50.

[112]

LaTeX Warning: Citation `DBLP:conf/fsttcs/MadhusudanTY05' on page 113 undefined
 on input line 53.


LaTeX Warning: Citation `DBLP:conf/lics/0001HSW22' on page 113 undefined on inp
ut line 55.


LaTeX Warning: Citation `DBLP:conf/concur/HerbreteauSW22' on page 113 undefined
 on input line 55.


LaTeX Warning: Reference `sec:bounded' on page 113 undefined on input line 58.


Overfull \hbox (0.94466pt too wide) in paragraph at lines 63--63
|[]\OT1/cmr/bx/n/17.28 Understanding Con-nect-edly Com-mu-ni-cat-ing
 []


Overfull \hbox (1.65613pt too wide) in paragraph at lines 107--107
[][]$\OML/cmm/m/it/12 a; \OMS/cmsy/m/n/12 f\OML/cmm/m/it/12 x\OMS/cmsy/m/n/12 g
$  
 []


Overfull \hbox (1.65613pt too wide) in paragraph at lines 149--149
[][]$\OML/cmm/m/it/12 a; \OMS/cmsy/m/n/12 f\OML/cmm/m/it/12 x\OMS/cmsy/m/n/12 g
$  
 []


Overfull \hbox (1.65613pt too wide) in paragraph at lines 191--191
[][]$\OML/cmm/m/it/12 a; \OMS/cmsy/m/n/12 f\OML/cmm/m/it/12 x\OMS/cmsy/m/n/12 g
$  
 []

[113] [114] [115]
Underfull \hbox (badness 10000) in paragraph at lines 431--436

 []


Overfull \hbox (63.1483pt too wide) in paragraph at lines 507--512
 [][] 
 []

[116] [117] [118] [119]
Overfull \hbox (6.34984pt too wide) in paragraph at lines 625--627
[]\OT1/cmr/bx/it/12 No iso-lated ver-tex. \OT1/cmr/m/it/12 Ev-ery agent par-tic
-i-pates in at least one time-synchronizing
 []

[120]

LaTeX Warning: Reference `...' on page 121 undefined on input line 692.


LaTeX Warning: Reference `...' on page 121 undefined on input line 698.


LaTeX Warning: Reference `...' on page 121 undefined on input line 703.


LaTeX Warning: Reference `...' on page 121 undefined on input line 709.


LaTeX Warning: Reference `...' on page 121 undefined on input line 716.


LaTeX Warning: Reference `...' on page 121 undefined on input line 721.


Overfull \hbox (0.92279pt too wide) in paragraph at lines 721--726
[]\OT1/cmr/bx/n/12 Using con-nected com-mu-ni-ca-tion on loops (Sec-tion []). \
OT1/cmr/m/n/12 For connectedly-
 []

[121]

LaTeX Warning: Reference `...' on page 122 undefined on input line 727.

[122] [123] [124] [125] [126] [127] [128] [129]
Overfull \hbox (1.66734pt too wide) in paragraph at lines 1299--1300
[] []\OT1/cmr/bx/n/12 Fu-ture Syn-chro-niza-tions Con-strain Present Slacks[] \
OT1/cmr/m/n/12 Our fi-nal ex-am-ple (Fig-
 []

[130] [131] [132]
Overfull \hbox (21.69705pt too wide) in paragraph at lines 1472--1475
\OT1/cmr/m/n/12 i.e. the min-i-mum (over sources $\OMS/cmsy/m/n/12 ?[]$\OT1/cmr
/m/n/12 ) of the shortest-path dis-tance to $\OML/cmm/m/it/12 s$ \OT1/cmr/m/n/1
2 in $[]([])$.
 []

[133] [134]
Overfull \hbox (21.41867pt too wide) in paragraph at lines 1538--1539
[]\OT1/cmr/m/n/12 (\OML/cmm/m/it/12 s\OT1/cmr/m/n/12 )$, let $\OML/cmm/m/it/12 
^^[[]\OT1/cmr/m/n/12 (\OML/cmm/m/it/12 s\OT1/cmr/m/n/12 )$ de-note the weight o
f the short-est path from $\OMS/cmsy/m/n/12 ?[]$ \OT1/cmr/m/n/12 to $\OML/cmm/m
/it/12 s$ \OT1/cmr/m/n/12 in $[]([])$.
 []

[135] [136] [137]
Overfull \hbox (23.78688pt too wide) in paragraph at lines 1736--1742
[]\OT1/cmr/bx/n/12 Lemma 6.12 \OT1/cmr/m/n/12 (Tight Trace Bound)\OT1/cmr/bx/n/
12 . []\OT1/cmr/m/it/12 Let $[]$ be a tight trace and let $\OML/cmm/m/it/12 ^^\
[] \OT1/cmr/m/n/12 := [][] \OML/cmm/m/it/12 ^^\[]\OT1/cmr/m/n/12 (\OMS/cmsy/m/n
/12 ?[]\OT1/cmr/m/n/12 )$\OT1/cmr/m/it/12 .
 []


Overfull \hbox (13.45052pt too wide) in paragraph at lines 1765--1767
\OT1/cmr/m/it/12 Remark. \OT1/cmr/m/n/12 In what fol-lows, when we bound time u
s-ing wit-ness paths in $[]([])$,
 []

[138]
Overfull \hbox (4.21477pt too wide) in paragraph at lines 1791--1791
|[]\OT1/cmr/bx/n/14.4 Tight Runs of Connectedly-Communicating LTNs are
 []

[139] [140]
Package hyperref Info: bookmark level for unknown claim defaults to 0 on input 
line 1882.
 [141] Excluding 'comment' comment. [142] [143] [144]

LaTeX Warning: Citation `DBLP:conf/fsttcs/MadhusudanTY05' on page 145 undefined
 on input line 2082.

[145]

LaTeX Warning: Reference `sec:connected-comm' on page 146 undefined on input li
ne 2104.

[146]

LaTeX Warning: Reference `def:connected-comm' on page 147 undefined on input li
ne 2203.


Overfull \hbox (4.20047pt too wide) in paragraph at lines 2214--2219
[]\OT1/cmr/bx/n/12 Definition 6.18 \OT1/cmr/m/n/12 (Block-wise drift bound)\OT1
/cmr/bx/n/12 . []\OT1/cmr/m/n/12 Let $(\OML/cmm/m/it/12 C; v\OT1/cmr/m/n/12 )$ 
be a con-fig-u-ra-tion and $^^E(\OML/cmm/m/it/12 C\OT1/cmr/m/n/12 ) =
 []

[147]
Overfull \hbox (2.36511pt too wide) in paragraph at lines 2233--2234
[]\OT1/cmr/bx/n/12 Theorem 6.19 \OT1/cmr/m/n/12 (Weak con-nected com-mu-ni-ca-t
ion im-plies block-wise bounded drift)\OT1/cmr/bx/n/12 .
 []


LaTeX Warning: Reference `thm:cc-bounded-drift' on page 148 undefined on input 
line 2241.


Overfull \hbox (0.51144pt too wide) in paragraph at lines 2241--2244
[]\OT1/cmr/m/n/12 The proof fol-lows the same tem-plate as for The-o-rem [].
 []


Overfull \hbox (12.1808pt too wide) in paragraph at lines 2267--2268
\OT1/cmr/m/n/12 timed ne-go-ti-a-tions, prov-ing that this frag-ment has de-cid
-able reach-a-bil-ity via bounded
 []

[148]
Overfull \hbox (36.57515pt too wide) in paragraph at lines 2279--2281
[]\OT1/cmr/bx/n/12 Bounded drift the-o-rem \OT1/cmr/m/n/12 (Sec-tion [][]6.4.4[
][]): We proved that connectedly-communicating
 []


Overfull \hbox (33.0912pt too wide) in paragraph at lines 2286--2287
[]\OT1/cmr/bx/n/12 Decidability\OT1/cmr/m/n/12 : As a corol-lary, reach-a-bil-i
ty is de-cid-able for connectedly-communicating
 []

[149]) (./ch7.tex [150]
Chapter 7.

LaTeX Warning: Reference `chap:ltn-definitions' on page 151 undefined on input 
line 14.

[151

]

LaTeX Warning: Reference `chap:sync-fragments' on page 152 undefined on input l
ine 16.


LaTeX Warning: Reference `chap:connected-communication' on page 152 undefined o
n input line 20.

[152]

LaTeX Warning: Reference `chap:sync-fragments' on page 153 undefined on input l
ine 45.


LaTeX Warning: Reference `thm:always-sync-pspace' on page 153 undefined on inpu
t line 45.

[153]

LaTeX Warning: Reference `chap:ltn-definitions' on page 154 undefined on input 
line 58.


LaTeX Warning: Reference `chap:connected-communication' on page 154 undefined o
n input line 71.

[154]
Overfull \hbox (13.56287pt too wide) in paragraph at lines 77--78
[]\OT1/cmr/bx/n/12 Hierarchical pat-terns: \OT1/cmr/m/n/12 Can lay-ered or mod-
u-lar in-ter-ac-tion struc-tures|common
 []


LaTeX Warning: Reference `lem:monotone-witness' on page 155 undefined on input 
line 80.


LaTeX Warning: Reference `lem:bounded-truncation' on page 155 undefined on inpu
t line 80.


LaTeX Warning: Reference `chap:sync-fragments' on page 155 undefined on input l
ine 86.


LaTeX Warning: Reference `chap:ltn-definitions' on page 155 undefined on input 
line 95.

[155]

LaTeX Warning: Reference `chap:sync-fragments' on page 156 undefined on input l
ine 111.

[156]
Overfull \hbox (9.70027pt too wide) in paragraph at lines 121--122
\OT1/cmr/m/n/12 above|spanning count-ing, costs, struc-ture, syn-the-sis, and t
ool sup-port|collectively
 []

)
No file thesis.bbl.
[157]
Package atveryend Info: Empty hook `BeforeClearDocument' on input line 59.
Package atveryend Info: Empty hook `AfterLastShipout' on input line 59.
 (./thesis.aux)
Package atveryend Info: Executing hook `AtVeryEndDocument' on input line 59.
Package atveryend Info: Executing hook `AtEndAfterFileList' on input line 59.
Package rerunfilecheck Info: File `thesis.out' has not changed.
(rerunfilecheck)             Checksum: A592F38A4081048CA6DF4B6FBDC10273;34318.


LaTeX Warning: There were undefined references.


LaTeX Warning: There were multiply-defined labels.

 ) 
Here is how much of TeX's memory you used:
 43494 strings out of 480608
 813548 string characters out of 5903631
 1303744 words of memory out of 5000000
 57889 multiletter control sequences out of 15000+600000
 566116 words of font info for 155 fonts, out of 8000000 for 9000
 1141 hyphenation exceptions out of 8191
 68i,18n,100p,3313b,1241s stack positions out of 5000i,500n,10000p,200000b,80000s
{/usr/local/texlive/2020/texmf-dist/fonts/enc/dvips/cm-super/cm-super-ts1.enc
}</usr/local/texlive/2020/texmf-dist/fonts/type1/public/amsfonts/cm/cmbx10.pfb>
</usr/local/texlive/2020/texmf-dist/fonts/type1/public/amsfonts/cm/cmbx12.pfb><
/usr/local/texlive/2020/texmf-dist/fonts/type1/public/amsfonts/cm/cmbxti10.pfb>
</usr/local/texlive/2020/texmf-dist/fonts/type1/public/amsfonts/cm/cmcsc10.pfb>
</usr/local/texlive/2020/texmf-dist/fonts/type1/public/amsfonts/cm/cmex10.pfb><
/usr/local/texlive/2020/texmf-dist/fonts/type1/public/amsfonts/cmextra/cmex8.pf
b></usr/local/texlive/2020/texmf-dist/fonts/type1/public/amsfonts/cm/cmmi10.pfb
></usr/local/texlive/2020/texmf-dist/fonts/type1/public/amsfonts/cm/cmmi12.pfb>
</usr/local/texlive/2020/texmf-dist/fonts/type1/public/amsfonts/cm/cmmi6.pfb></
usr/local/texlive/2020/texmf-dist/fonts/type1/public/amsfonts/cm/cmmi7.pfb></us
r/local/texlive/2020/texmf-dist/fonts/type1/public/amsfonts/cm/cmmi8.pfb></usr/
local/texlive/2020/texmf-dist/fonts/type1/public/amsfonts/cm/cmr10.pfb></usr/lo
cal/texlive/2020/texmf-dist/fonts/type1/public/amsfonts/cm/cmr12.pfb></usr/loca
l/texlive/2020/texmf-dist/fonts/type1/public/amsfonts/cm/cmr5.pfb></usr/local/t
exlive/2020/texmf-dist/fonts/type1/public/amsfonts/cm/cmr6.pfb></usr/local/texl
ive/2020/texmf-dist/fonts/type1/public/amsfonts/cm/cmr7.pfb></usr/local/texlive
/2020/texmf-dist/fonts/type1/public/amsfonts/cm/cmr8.pfb></usr/local/texlive/20
20/texmf-dist/fonts/type1/public/amsfonts/cm/cmss10.pfb></usr/local/texlive/202
0/texmf-dist/fonts/type1/public/amsfonts/cm/cmss12.pfb></usr/local/texlive/2020
/texmf-dist/fonts/type1/public/amsfonts/cm/cmss8.pfb></usr/local/texlive/2020/t
exmf-dist/fonts/type1/public/amsfonts/cm/cmss9.pfb></usr/local/texlive/2020/tex
mf-dist/fonts/type1/public/amsfonts/cm/cmssbx10.pfb></usr/local/texlive/2020/te
xmf-dist/fonts/type1/public/amsfonts/cm/cmssi12.pfb></usr/local/texlive/2020/te
xmf-dist/fonts/type1/public/amsfonts/cm/cmsy10.pfb></usr/local/texlive/2020/tex
mf-dist/fonts/type1/public/amsfonts/cm/cmsy6.pfb></usr/local/texlive/2020/texmf
-dist/fonts/type1/public/amsfonts/cm/cmsy7.pfb></usr/local/texlive/2020/texmf-d
ist/fonts/type1/public/amsfonts/cm/cmsy8.pfb></usr/local/texlive/2020/texmf-dis
t/fonts/type1/public/amsfonts/cm/cmti12.pfb></usr/local/texlive/2020/texmf-dist
/fonts/type1/public/amsfonts/cm/cmti8.pfb></usr/local/texlive/2020/texmf-dist/f
onts/type1/public/amsfonts/symbols/msam10.pfb></usr/local/texlive/2020/texmf-di
st/fonts/type1/public/amsfonts/symbols/msbm10.pfb></usr/local/texlive/2020/texm
f-dist/fonts/type1/public/cm-super/sfrm1200.pfb>
Output written on thesis.pdf (166 pages, 964688 bytes).
PDF statistics:
 2350 PDF objects out of 2487 (max. 8388607)
 2104 compressed objects within 22 object streams
 686 named destinations out of 1000 (max. 500000)
 1217 words of extra memory for PDF output out of 10000 (max. 10000000)

