\BOOKMARK [0][-]{chapter.2}{\376\377\0001\000\040\000I\000n\000t\000r\000o\000d\000u\000c\000t\000i\000o\000n}{}% 1
\BOOKMARK [1][-]{section.3}{\376\377\0001\000.\0001\000\040\000M\000o\000t\000i\000v\000a\000t\000i\000o\000n}{chapter.2}% 2
\BOOKMARK [2][-]{subsection.4}{\376\377\0001\000.\0001\000.\0001\000\040\000C\000o\000n\000c\000u\000r\000r\000e\000n\000c\000y\000,\000\040\000t\000i\000m\000e\000,\000\040\000a\000n\000d\000\040\000c\000o\000o\000r\000d\000i\000n\000a\000t\000e\000d\000\040\000i\000n\000t\000e\000r\000a\000c\000t\000i\000o\000n}{section.3}% 3
\BOOKMARK [2][-]{subsection.5}{\376\377\0001\000.\0001\000.\0002\000\040\000W\000h\000y\000\040\000e\000x\000p\000l\000i\000c\000i\000t\000\040\000m\000u\000l\000t\000i\000p\000a\000r\000t\000y\000\040\000i\000n\000t\000e\000r\000a\000c\000t\000i\000o\000n\000\040\000m\000a\000t\000t\000e\000r\000s}{section.3}% 4
\BOOKMARK [2][-]{subsection.6}{\376\377\0001\000.\0001\000.\0003\000\040\000V\000e\000r\000i\000f\000i\000c\000a\000t\000i\000o\000n\000\040\000a\000n\000d\000\040\000t\000h\000e\000\040\000r\000e\000a\000c\000h\000a\000b\000i\000l\000i\000t\000y\000\040\000p\000r\000o\000b\000l\000e\000m}{section.3}% 5
\BOOKMARK [2][-]{subsection.7}{\376\377\0001\000.\0001\000.\0004\000\040\000W\000h\000y\000\040\000l\000o\000c\000a\000l\000\040\000t\000i\000m\000e\000\040\000c\000h\000a\000n\000g\000e\000s\000\040\000t\000h\000e\000\040\000q\000u\000e\000s\000t\000i\000o\000n}{section.3}% 6
\BOOKMARK [1][-]{section.8}{\376\377\0001\000.\0002\000\040\000F\000r\000o\000m\000\040\000t\000i\000m\000e\000d\000\040\000a\000u\000t\000o\000m\000a\000t\000a\000\040\000a\000n\000d\000\040\000n\000e\000g\000o\000t\000i\000a\000t\000i\000o\000n\000s\000\040\000t\000o\000\040\000l\000o\000c\000a\000l\000-\000t\000i\000m\000e\000d\000\040\000n\000e\000g\000o\000t\000i\000a\000t\000i\000o\000n\000s}{chapter.2}% 7
\BOOKMARK [2][-]{subsection.9}{\376\377\0001\000.\0002\000.\0001\000\040\000T\000i\000m\000e\000d\000\040\000a\000u\000t\000o\000m\000a\000t\000a\000\040\000a\000n\000d\000\040\000t\000h\000e\000\040\000g\000l\000o\000b\000a\000l\000-\000t\000i\000m\000e\000\040\000p\000a\000r\000a\000d\000i\000g\000m}{section.8}% 8
\BOOKMARK [2][-]{subsection.12}{\376\377\0001\000.\0002\000.\0002\000\040\000N\000e\000g\000o\000t\000i\000a\000t\000i\000o\000n\000s\000\040\000a\000n\000d\000\040\000e\000x\000p\000l\000i\000c\000i\000t\000\040\000m\000u\000l\000t\000i\000p\000a\000r\000t\000y\000\040\000s\000y\000n\000c\000h\000r\000o\000n\000i\000z\000a\000t\000i\000o\000n}{section.8}% 9
\BOOKMARK [2][-]{subsection.13}{\376\377\0001\000.\0002\000.\0003\000\040\000A\000\040\000r\000u\000n\000n\000i\000n\000g\000\040\000e\000x\000a\000m\000p\000l\000e\000:\000\040\000a\000n\000\040\000A\000T\000M\000\040\000w\000o\000r\000k\000f\000l\000o\000w}{section.8}% 10
\BOOKMARK [2][-]{subsection.17}{\376\377\0001\000.\0002\000.\0004\000\040\000W\000h\000y\000\040\000c\000o\000m\000b\000i\000n\000i\000n\000g\000\040\000t\000h\000e\000\040\000t\000w\000o\000\040\000m\000o\000d\000e\000l\000s\000\040\000i\000s\000\040\000n\000o\000t\000\040\000r\000o\000u\000t\000i\000n\000e}{section.8}% 11
\BOOKMARK [2][-]{subsection.18}{\376\377\0001\000.\0002\000.\0005\000\040\000A\000\040\000c\000o\000m\000p\000a\000c\000t\000\040\000c\000o\000m\000p\000a\000r\000i\000s\000o\000n\000\040\000o\000f\000\040\000t\000h\000e\000\040\000t\000h\000r\000e\000e\000\040\000v\000i\000e\000w\000p\000o\000i\000n\000t\000s}{section.8}% 12
\BOOKMARK [1][-]{section.19}{\376\377\0001\000.\0003\000\040\000L\000o\000c\000a\000l\000-\000t\000i\000m\000e\000d\000\040\000n\000e\000g\000o\000t\000i\000a\000t\000i\000o\000n\000s\000\040\000a\000t\000\040\000a\000\040\000g\000l\000a\000n\000c\000e}{chapter.2}% 13
\BOOKMARK [2][-]{subsection.20}{\376\377\0001\000.\0003\000.\0001\000\040\000L\000o\000c\000a\000l\000\040\000r\000e\000f\000e\000r\000e\000n\000c\000e\000\040\000t\000i\000m\000e\000\040\000a\000n\000d\000\040\000l\000o\000c\000a\000l\000\040\000c\000l\000o\000c\000k\000s}{section.19}% 14
\BOOKMARK [2][-]{subsection.21}{\376\377\0001\000.\0003\000.\0002\000\040\000T\000i\000m\000e\000-\000s\000y\000n\000c\000h\000r\000o\000n\000i\000z\000i\000n\000g\000\040\000a\000n\000d\000\040\000n\000o\000n\000-\000s\000y\000n\000c\000h\000r\000o\000n\000i\000z\000i\000n\000g\000\040\000i\000n\000t\000e\000r\000a\000c\000t\000i\000o\000n\000s}{section.19}% 15
\BOOKMARK [2][-]{subsection.24}{\376\377\0001\000.\0003\000.\0003\000\040\000A\000\040\000t\000i\000m\000e\000d\000\040\000r\000e\000a\000d\000i\000n\000g\000\040\000o\000f\000\040\000t\000h\000e\000\040\000A\000T\000M\000\040\000e\000x\000a\000m\000p\000l\000e}{section.19}% 16
\BOOKMARK [2][-]{subsection.26}{\376\377\0001\000.\0003\000.\0004\000\040\000W\000h\000y\000\040\000l\000o\000c\000a\000l\000\040\000t\000i\000m\000e\000\040\000i\000s\000\040\000a\000t\000t\000r\000a\000c\000t\000i\000v\000e}{section.19}% 17
\BOOKMARK [2][-]{subsection.27}{\376\377\0001\000.\0003\000.\0005\000\040\000W\000h\000y\000\040\000l\000o\000c\000a\000l\000\040\000t\000i\000m\000e\000\040\000i\000s\000\040\000d\000i\000f\000f\000i\000c\000u\000l\000t}{section.19}% 18
\BOOKMARK [1][-]{section.28}{\376\377\0001\000.\0004\000\040\000C\000o\000n\000t\000r\000i\000b\000u\000t\000i\000o\000n\000s\000\040\000a\000n\000d\000\040\000m\000a\000i\000n\000\040\000r\000e\000s\000u\000l\000t\000s}{chapter.2}% 19
\BOOKMARK [2][-]{subsection.29}{\376\377\0001\000.\0004\000.\0001\000\040\000T\000h\000e\000\040\000c\000e\000n\000t\000r\000a\000l\000\040\000n\000e\000g\000a\000t\000i\000v\000e\000\040\000r\000e\000s\000u\000l\000t}{section.28}% 20
\BOOKMARK [2][-]{subsection.33}{\376\377\0001\000.\0004\000.\0002\000\040\000D\000e\000c\000i\000d\000a\000b\000l\000e\000\040\000e\000x\000t\000r\000e\000m\000e\000s\000\040\000o\000f\000\040\000t\000h\000e\000\040\000s\000y\000n\000c\000h\000r\000o\000n\000i\000z\000a\000t\000i\000o\000n\000\040\000s\000p\000e\000c\000t\000r\000u\000m}{section.28}% 21
\BOOKMARK [2][-]{subsection.34}{\376\377\0001\000.\0004\000.\0003\000\040\000D\000e\000c\000i\000d\000a\000b\000i\000l\000i\000t\000y\000\040\000v\000i\000a\000\040\000b\000o\000u\000n\000d\000e\000d\000\040\000d\000r\000i\000f\000t}{section.28}% 22
\BOOKMARK [2][-]{subsection.35}{\376\377\0001\000.\0004\000.\0004\000\040\000D\000e\000c\000i\000d\000a\000b\000i\000l\000i\000t\000y\000\040\000v\000i\000a\000\040\000c\000o\000m\000m\000u\000n\000i\000c\000a\000t\000i\000o\000n\000\040\000s\000t\000r\000u\000c\000t\000u\000r\000e}{section.28}% 23
\BOOKMARK [2][-]{subsection.36}{\376\377\0001\000.\0004\000.\0005\000\040\000A\000\040\000s\000u\000m\000m\000a\000r\000y\000\040\000o\000f\000\040\000t\000h\000e\000\040\000l\000a\000n\000d\000s\000c\000a\000p\000e}{section.28}% 24
\BOOKMARK [2][-]{subsection.37}{\376\377\0001\000.\0004\000.\0006\000\040\000W\000h\000a\000t\000\040\000i\000s\000\040\000c\000o\000n\000c\000e\000p\000t\000u\000a\000l\000l\000y\000\040\000n\000e\000w\000\040\000i\000n\000\040\000t\000h\000e\000\040\000t\000h\000e\000s\000i\000s}{section.28}% 25
\BOOKMARK [1][-]{section.41}{\376\377\0001\000.\0005\000\040\000O\000r\000g\000a\000n\000i\000z\000a\000t\000i\000o\000n\000\040\000o\000f\000\040\000t\000h\000e\000\040\000t\000h\000e\000s\000i\000s}{chapter.2}% 26
\BOOKMARK [1][-]{section.42}{\376\377\0001\000.\0006\000\040\000R\000e\000l\000a\000t\000e\000d\000\040\000w\000o\000r\000k}{chapter.2}% 27
\BOOKMARK [2][-]{subsection.43}{\376\377\0001\000.\0006\000.\0001\000\040\000T\000i\000m\000e\000d\000\040\000a\000u\000t\000o\000m\000a\000t\000a\000\040\000a\000n\000d\000\040\000l\000o\000c\000a\000l\000-\000t\000i\000m\000e\000\040\000s\000e\000m\000a\000n\000t\000i\000c\000s}{section.42}% 28
\BOOKMARK [2][-]{subsection.44}{\376\377\0001\000.\0006\000.\0002\000\040\000T\000i\000m\000e\000d\000\040\000c\000o\000n\000c\000u\000r\000r\000e\000n\000c\000y\000\040\000m\000o\000d\000e\000l\000s\000\040\000b\000e\000y\000o\000n\000d\000\040\000t\000i\000m\000e\000d\000\040\000a\000u\000t\000o\000m\000a\000t\000a}{section.42}% 29
\BOOKMARK [2][-]{subsection.45}{\376\377\0001\000.\0006\000.\0003\000\040\000N\000e\000g\000o\000t\000i\000a\000t\000i\000o\000n\000s\000\040\000a\000n\000d\000\040\000w\000o\000r\000k\000f\000l\000o\000w\000-\000s\000t\000y\000l\000e\000\040\000c\000o\000n\000c\000u\000r\000r\000e\000n\000c\000y}{section.42}% 30
\BOOKMARK [2][-]{subsection.46}{\376\377\0001\000.\0006\000.\0004\000\040\000D\000r\000i\000f\000t\000-\000b\000o\000u\000n\000d\000e\000d\000n\000e\000s\000s\000\040\000a\000n\000d\000\040\000s\000t\000r\000u\000c\000t\000u\000r\000a\000l\000\040\000r\000e\000s\000t\000r\000i\000c\000t\000i\000o\000n\000s}{section.42}% 31
\BOOKMARK [2][-]{subsection.47}{\376\377\0001\000.\0006\000.\0005\000\040\000P\000o\000s\000i\000t\000i\000o\000n\000\040\000o\000f\000\040\000t\000h\000e\000\040\000t\000h\000e\000s\000i\000s}{section.42}% 32
\BOOKMARK [1][-]{section.51}{\376\377\0001\000.\0007\000\040\000W\000h\000a\000t\000\040\000t\000o\000\040\000c\000a\000r\000r\000y\000\040\000f\000o\000r\000w\000a\000r\000d}{chapter.2}% 33
\BOOKMARK [1][-]{section.56}{\376\377\0001\000.\0008\000\040\000C\000o\000m\000i\000n\000g\000\040\000n\000e\000x\000t}{chapter.2}% 34
\BOOKMARK [-1][]{part.57}{\376\377\000I\000\040\000A\000d\000d\000i\000n\000g\000\040\000l\000o\000c\000a\000l\000\040\000t\000i\000m\000e\000\040\000c\000o\000n\000s\000t\000r\000a\000i\000n\000t\000s\000\040\000t\000o\000\040\000n\000e\000g\000o\000t\000i\000a\000t\000i\000o\000n\000s}{}% 35
\BOOKMARK [0][-]{chapter.58}{\376\377\0002\000\040\000P\000r\000e\000l\000i\000m\000i\000n\000a\000r\000i\000e\000s}{part.57}% 36
\BOOKMARK [1][-]{section.59}{\376\377\0002\000.\0001\000\040\000N\000e\000g\000o\000t\000i\000a\000t\000i\000o\000n\000s}{chapter.58}% 37
\BOOKMARK [2][-]{subsection.60}{\376\377\0002\000.\0001\000.\0001\000\040\000S\000y\000n\000t\000a\000x\000\040\000a\000n\000d\000\040\000o\000p\000e\000r\000a\000t\000i\000o\000n\000a\000l\000\040\000s\000e\000m\000a\000n\000t\000i\000c\000s}{section.59}% 38
\BOOKMARK [2][-]{subsection.71}{\376\377\0002\000.\0001\000.\0002\000\040\000G\000r\000a\000p\000h\000i\000c\000a\000l\000\040\000c\000o\000n\000v\000e\000n\000t\000i\000o\000n\000s}{section.59}% 39
\BOOKMARK [2][-]{subsection.72}{\376\377\0002\000.\0001\000.\0003\000\040\000A\000\040\000r\000u\000n\000n\000i\000n\000g\000\040\000e\000x\000a\000m\000p\000l\000e\000:\000\040\000A\000T\000M\000\040\000P\000I\000N\000\040\000r\000e\000s\000e\000t}{section.59}% 40
\BOOKMARK [2][-]{subsection.81}{\376\377\0002\000.\0001\000.\0004\000\040\000A\000\040\000r\000i\000c\000h\000e\000r\000\040\000e\000x\000a\000m\000p\000l\000e\000:\000\040\000p\000o\000l\000l\000i\000n\000a\000t\000i\000o\000n\000\040\000a\000n\000d\000\040\000c\000l\000i\000m\000a\000t\000e\000\040\000m\000i\000s\000m\000a\000t\000c\000h}{section.59}% 41
\BOOKMARK [2][-]{subsection.91}{\376\377\0002\000.\0001\000.\0005\000\040\000R\000e\000l\000a\000t\000i\000o\000n\000\040\000t\000o\000\040\000S\000t\000a\000n\000d\000a\000r\000d\000\040\000N\000e\000g\000o\000t\000i\000a\000t\000i\000o\000n\000s\000\040\000w\000i\000t\000h\000\040\000T\000r\000a\000n\000s\000f\000o\000r\000m\000e\000r\000s}{section.59}% 42
\BOOKMARK [2][-]{subsection.92}{\376\377\0002\000.\0001\000.\0006\000\040\000R\000e\000a\000c\000h\000a\000b\000i\000l\000i\000t\000y\000\040\000a\000n\000d\000\040\000k\000n\000o\000w\000n\000\040\000c\000o\000m\000p\000l\000e\000x\000i\000t\000y}{section.59}% 43
\BOOKMARK [2][-]{subsection.93}{\376\377\0002\000.\0001\000.\0007\000\040\000R\000e\000l\000a\000t\000i\000o\000n\000\040\000t\000o\000\040\000s\000t\000a\000n\000d\000a\000r\000d\000\040\000n\000e\000g\000o\000t\000i\000a\000t\000i\000o\000n\000s\000\040\000a\000n\000d\000\040\000t\000o\000\040\000P\000e\000t\000r\000i\000\040\000n\000e\000t\000s}{section.59}% 44
\BOOKMARK [1][-]{section.94}{\376\377\0002\000.\0002\000\040\000T\000i\000m\000e\000d\000\040\000A\000u\000t\000o\000m\000a\000t\000a}{chapter.58}% 45
\BOOKMARK [2][-]{subsection.95}{\376\377\0002\000.\0002\000.\0001\000\040\000S\000y\000n\000t\000a\000x\000\040\000a\000n\000d\000\040\000S\000e\000m\000a\000n\000t\000i\000c\000s}{section.94}% 46
\BOOKMARK [2][-]{subsection.100}{\376\377\0002\000.\0002\000.\0002\000\040\000R\000e\000g\000i\000o\000n\000\040\000A\000b\000s\000t\000r\000a\000c\000t\000i\000o\000n\000\040\000a\000n\000d\000\040\000D\000e\000c\000i\000d\000a\000b\000i\000l\000i\000t\000y\000\040}{section.94}% 47
\BOOKMARK [1][-]{section.122}{\376\377\0002\000.\0003\000\040\000N\000e\000t\000w\000o\000r\000k\000s\000\040\000o\000f\000\040\000t\000i\000m\000e\000d\000\040\000a\000u\000t\000o\000m\000a\000t\000a\000\040\000a\000n\000d\000\040\000t\000h\000e\000\040\000l\000o\000c\000a\000l\000-\000t\000i\000m\000e\000\040\000c\000o\000n\000t\000r\000a\000s\000t}{chapter.58}% 48
\BOOKMARK [2][-]{subsection.123}{\376\377\0002\000.\0003\000.\0001\000\040\000G\000l\000o\000b\000a\000l\000-\000t\000i\000m\000e\000\040\000s\000e\000m\000a\000n\000t\000i\000c\000s\000\040\000f\000o\000r\000\040\000n\000e\000t\000w\000o\000r\000k\000s}{section.122}% 49
\BOOKMARK [2][-]{subsection.124}{\376\377\0002\000.\0003\000.\0002\000\040\000W\000h\000y\000\040\000t\000h\000i\000s\000\040\000i\000s\000\040\000n\000o\000t\000\040\000y\000e\000t\000\040\000t\000h\000e\000\040\000r\000i\000g\000h\000t\000\040\000m\000o\000d\000e\000l}{section.122}% 50
\BOOKMARK [1][-]{section.125}{\376\377\0002\000.\0004\000\040\000F\000r\000o\000m\000\040\000t\000h\000e\000s\000e\000\040\000i\000n\000g\000r\000e\000d\000i\000e\000n\000t\000s\000\040\000t\000o\000\040\000L\000T\000N\000s}{chapter.58}% 51
\BOOKMARK [1][-]{section.126}{\376\377\0002\000.\0005\000\040\000T\000e\000r\000m\000i\000n\000o\000l\000o\000g\000y\000\040\000s\000u\000m\000m\000a\000r\000y}{chapter.58}% 52
\BOOKMARK [1][-]{section.128}{\376\377\0002\000.\0006\000\040\000W\000h\000a\000t\000\040\000t\000o\000\040\000c\000a\000r\000r\000y\000\040\000f\000o\000r\000w\000a\000r\000d}{chapter.58}% 53
\BOOKMARK [1][-]{section.133}{\376\377\0002\000.\0007\000\040\000C\000o\000m\000i\000n\000g\000\040\000n\000e\000x\000t}{chapter.58}% 54
\BOOKMARK [0][-]{chapter.134}{\376\377\0003\000\040\000L\000o\000c\000a\000l\000-\000T\000i\000m\000e\000d\000\040\000N\000e\000g\000o\000t\000i\000a\000t\000i\000o\000n\000s}{part.57}% 55
\BOOKMARK [1][-]{section.135}{\376\377\0003\000.\0001\000\040\000M\000o\000t\000i\000v\000a\000t\000i\000o\000n\000:\000\040\000W\000h\000y\000\040\000L\000o\000c\000a\000l\000\040\000T\000i\000m\000e\000?}{chapter.134}% 56
\BOOKMARK [1][-]{section.136}{\376\377\0003\000.\0002\000\040\000R\000e\000l\000a\000t\000e\000d\000\040\000w\000o\000r\000k}{chapter.134}% 57
\BOOKMARK [2][-]{subsection.137}{\376\377\0003\000.\0002\000.\0001\000\040\000C\000o\000m\000p\000a\000r\000i\000s\000o\000n\000\040\000w\000i\000t\000h\000\040\000T\000i\000m\000e\000d\000\040\000N\000e\000g\000o\000t\000i\000a\000t\000i\000o\000n\000s\000\040\000D\000B\000L\000P\000:\000c\000o\000n\000f\000/\000f\000o\000s\000s\000a\000c\000s\000/\000A\000k\000s\000h\000a\000y\000G\000H\000M\0002\0000}{section.136}% 58
\BOOKMARK [1][-]{section.138}{\376\377\0003\000.\0003\000\040\000I\000n\000t\000r\000o\000d\000u\000c\000i\000n\000g\000\040\000L\000o\000c\000a\000l\000-\000T\000i\000m\000e\000d\000\040\000N\000e\000g\000o\000t\000i\000a\000t\000i\000o\000n\000s\000:\000\040\000A\000n\000\040\000I\000n\000f\000o\000r\000m\000a\000l\000\040\000E\000x\000a\000m\000p\000l\000e}{chapter.134}% 59
\BOOKMARK [2][-]{subsection.139}{\376\377\0003\000.\0003\000.\0001\000\040\000S\000c\000e\000n\000a\000r\000i\000o\000:\000\040\000A\000T\000M\000\040\000T\000r\000a\000n\000s\000a\000c\000t\000i\000o\000n\000\040\000w\000i\000t\000h\000\040\000T\000i\000m\000e\000o\000u\000t\000s}{section.138}% 60
\BOOKMARK [2][-]{subsection.143}{\376\377\0003\000.\0003\000.\0002\000\040\000M\000o\000d\000e\000l\000i\000n\000g\000\040\000w\000i\000t\000h\000\040\000L\000o\000c\000a\000l\000\040\000C\000l\000o\000c\000k\000s}{section.138}% 61
\BOOKMARK [2][-]{subsection.151}{\376\377\0003\000.\0003\000.\0003\000\040\000P\000r\000e\000v\000i\000e\000w\000:\000\040\000S\000y\000n\000c\000h\000r\000o\000n\000i\000z\000a\000t\000i\000o\000n}{section.138}% 62
\BOOKMARK [1][-]{section.152}{\376\377\0003\000.\0004\000\040\000F\000o\000r\000m\000a\000l\000\040\000D\000e\000f\000i\000n\000i\000t\000i\000o\000n}{chapter.134}% 63
\BOOKMARK [1][-]{section.160}{\376\377\0003\000.\0005\000\040\000S\000e\000m\000a\000n\000t\000i\000c\000s}{chapter.134}% 64
\BOOKMARK [2][-]{subsection.161}{\376\377\0003\000.\0005\000.\0001\000\040\000M\000a\000r\000k\000i\000n\000g\000s\000,\000\040\000V\000a\000l\000u\000a\000t\000i\000o\000n\000s\000,\000\040\000a\000n\000d\000\040\000C\000o\000n\000f\000i\000g\000u\000r\000a\000t\000i\000o\000n\000s}{section.160}% 65
\BOOKMARK [2][-]{subsection.168}{\376\377\0003\000.\0005\000.\0002\000\040\000T\000r\000a\000n\000s\000i\000t\000i\000o\000n\000s\000:\000\040\000D\000e\000l\000a\000y\000s\000\040\000a\000n\000d\000\040\000A\000c\000t\000i\000o\000n\000s}{section.160}% 66
\BOOKMARK [2][-]{subsection.182}{\376\377\0003\000.\0005\000.\0003\000\040\000L\000o\000c\000a\000t\000i\000o\000n\000\040\000R\000e\000a\000c\000h\000a\000b\000i\000l\000i\000t\000y}{section.160}% 67
\BOOKMARK [2][-]{subsection.186}{\376\377\0003\000.\0005\000.\0004\000\040\000D\000e\000s\000i\000g\000n\000\040\000c\000h\000o\000i\000c\000e\000s\000\040\000a\000n\000d\000\040\000m\000o\000d\000e\000l\000l\000i\000n\000g\000\040\000r\000a\000t\000i\000o\000n\000a\000l\000e}{section.160}% 68
\BOOKMARK [1][-]{section.187}{\376\377\0003\000.\0006\000\040\000E\000x\000p\000r\000e\000s\000s\000i\000v\000e\000n\000e\000s\000s}{chapter.134}% 69
\BOOKMARK [2][-]{subsection.188}{\376\377\0003\000.\0006\000.\0001\000\040\000C\000a\000u\000s\000a\000l\000\040\000E\000n\000f\000o\000r\000c\000e\000m\000e\000n\000t\000\040\000T\000h\000r\000o\000u\000g\000h\000\040\000S\000y\000n\000c\000h\000r\000o\000n\000i\000z\000a\000t\000i\000o\000n}{section.187}% 70
\BOOKMARK [2][-]{subsection.196}{\376\377\0003\000.\0006\000.\0002\000\040\000N\000o\000n\000-\000r\000e\000g\000u\000l\000a\000r\000\040\000u\000n\000t\000i\000m\000e\000d\000\040\000l\000a\000n\000g\000u\000a\000g\000e\000s}{section.187}% 71
\BOOKMARK [1][-]{section.207}{\376\377\0003\000.\0007\000\040\000U\000n\000d\000e\000c\000i\000d\000a\000b\000i\000l\000i\000t\000y\000\040\000o\000f\000\040\000r\000e\000a\000c\000h\000a\000b\000i\000l\000i\000t\000y}{chapter.134}% 72
\BOOKMARK [2][-]{subsection.211}{\376\377\0003\000.\0007\000.\0001\000\040\000T\000w\000o\000-\000c\000o\000u\000n\000t\000e\000r\000\040\000m\000a\000c\000h\000i\000n\000e\000s}{section.207}% 73
\BOOKMARK [2][-]{subsection.212}{\376\377\0003\000.\0007\000.\0002\000\040\000O\000v\000e\000r\000v\000i\000e\000w\000\040\000o\000f\000\040\000t\000h\000e\000\040\000r\000e\000d\000u\000c\000t\000i\000o\000n}{section.207}% 74
\BOOKMARK [2][-]{subsection.217}{\376\377\0003\000.\0007\000.\0003\000\040\000I\000n\000s\000t\000r\000u\000c\000t\000i\000o\000n\000\040\000g\000a\000d\000g\000e\000t\000s}{section.207}% 75
\BOOKMARK [1][-]{section.227}{\376\377\0003\000.\0008\000\040\000S\000u\000m\000m\000a\000r\000y\000\040\000a\000n\000d\000\040\000p\000e\000r\000s\000p\000e\000c\000t\000i\000v\000e}{chapter.134}% 76
\BOOKMARK [1][-]{section.230}{\376\377\0003\000.\0009\000\040\000C\000o\000m\000i\000n\000g\000\040\000n\000e\000x\000t}{chapter.134}% 77
\BOOKMARK [-1][]{part.231}{\376\377\000I\000I\000\040\000D\000e\000c\000i\000d\000a\000b\000l\000e\000\040\000s\000u\000b\000c\000l\000a\000s\000s\000e\000s\000\040\000f\000o\000r\000\040\000r\000e\000a\000c\000h\000a\000b\000i\000l\000i\000t\000y\000\040\000i\000n\000\040\000L\000T\000N\000s}{}% 78
\BOOKMARK [0][-]{chapter.232}{\376\377\0004\000\040\000S\000y\000n\000c\000h\000r\000o\000n\000i\000z\000a\000t\000i\000o\000n\000\040\000E\000x\000t\000r\000e\000m\000e\000s\000:\000\040\000F\000r\000e\000e\000\040\000a\000n\000d\000\040\000A\000l\000w\000a\000y\000s\000-\000S\000y\000n\000c\000h\000r\000o\000n\000i\000z\000i\000n\000g\000\040\000L\000T\000N\000s}{part.231}% 79
\BOOKMARK [1][-]{section.239}{\376\377\0004\000.\0001\000\040\000S\000y\000n\000c\000h\000r\000o\000n\000i\000z\000a\000t\000i\000o\000n\000-\000F\000r\000e\000e\000\040\000L\000T\000N\000s}{chapter.232}% 80
\BOOKMARK [2][-]{subsection.240}{\376\377\0004\000.\0001\000.\0001\000\040\000D\000e\000f\000i\000n\000i\000t\000i\000o\000n\000\040\000a\000n\000d\000\040\000B\000e\000h\000a\000v\000i\000o\000r}{section.239}% 81
\BOOKMARK [2][-]{subsection.244}{\376\377\0004\000.\0001\000.\0002\000\040\000P\000r\000o\000d\000u\000c\000t\000-\000r\000e\000g\000i\000o\000n\000\040\000a\000b\000s\000t\000r\000a\000c\000t\000i\000o\000n}{section.239}% 82
\BOOKMARK [2][-]{subsection.260}{\376\377\0004\000.\0001\000.\0003\000\040\000T\000h\000e\000\040\000p\000r\000o\000d\000u\000c\000t\000-\000r\000e\000g\000i\000o\000n\000\040\000a\000u\000t\000o\000m\000a\000t\000o\000n}{section.239}% 83
\BOOKMARK [2][-]{subsection.263}{\376\377\0004\000.\0001\000.\0004\000\040\000P\000r\000o\000d\000u\000c\000t\000-\000R\000e\000g\000i\000o\000n\000\040\000C\000a\000l\000c\000u\000l\000a\000t\000i\000o\000n\000s\000\040\000o\000n\000\040\000a\000n\000\040\000E\000x\000a\000m\000p\000l\000e}{section.239}% 84
\BOOKMARK [1][-]{section.273}{\376\377\0004\000.\0002\000\040\000A\000l\000w\000a\000y\000s\000-\000s\000y\000n\000c\000h\000r\000o\000n\000i\000z\000i\000n\000g\000\040\000L\000T\000N\000s}{chapter.232}% 85
\BOOKMARK [2][-]{subsection.274}{\376\377\0004\000.\0002\000.\0001\000\040\000D\000e\000f\000i\000n\000i\000t\000i\000o\000n\000\040\000a\000n\000d\000\040\000I\000n\000t\000u\000i\000t\000i\000v\000e\000\040\000B\000e\000h\000a\000v\000i\000o\000r}{section.273}% 86
\BOOKMARK [2][-]{subsection.279}{\376\377\0004\000.\0002\000.\0002\000\040\000M\000o\000n\000o\000t\000o\000n\000e\000\040\000r\000u\000n\000s}{section.273}% 87
\BOOKMARK [2][-]{subsection.288}{\376\377\0004\000.\0002\000.\0003\000\040\000R\000e\000d\000u\000c\000t\000i\000o\000n\000\040\000t\000o\000\040\000t\000i\000m\000e\000d\000\040\000a\000u\000t\000o\000m\000a\000t\000a}{section.273}% 88
\BOOKMARK [1][-]{section.298}{\376\377\0004\000.\0003\000\040\000S\000u\000m\000m\000a\000r\000y\000\040\000a\000n\000d\000\040\000p\000e\000r\000s\000p\000e\000c\000t\000i\000v\000e}{chapter.232}% 89
\BOOKMARK [2][-]{subsection.299}{\376\377\0004\000.\0003\000.\0001\000\040\000C\000o\000m\000p\000a\000r\000i\000n\000g\000\040\000t\000h\000e\000\040\000T\000w\000o\000\040\000F\000r\000a\000g\000m\000e\000n\000t\000s}{section.298}% 90
\BOOKMARK [2][-]{subsection.300}{\376\377\0004\000.\0003\000.\0002\000\040\000W\000h\000y\000\040\000B\000o\000t\000h\000\040\000A\000r\000e\000\040\000P\000S\000P\000A\000C\000E\000\040\000\050\000N\000o\000t\000\040\000L\000o\000w\000e\000r\000,\000\040\000N\000o\000t\000\040\000H\000i\000g\000h\000e\000r\000\051}{section.298}% 91
\BOOKMARK [2][-]{subsection.301}{\376\377\0004\000.\0003\000.\0003\000\040\000T\000h\000e\000\040\000D\000e\000s\000i\000g\000n\000\040\000S\000p\000a\000c\000e}{section.298}% 92
\BOOKMARK [1][-]{section.302}{\376\377\0004\000.\0004\000\040\000C\000o\000m\000i\000n\000g\000\040\000n\000e\000x\000t}{chapter.232}% 93
\BOOKMARK [0][-]{chapter.303}{\376\377\0005\000\040\000D\000r\000i\000f\000t\000-\000B\000o\000u\000n\000d\000e\000d\000\040\000a\000n\000d\000\040\000A\000c\000y\000c\000l\000i\000c\000\040\000L\000o\000c\000a\000l\000-\000T\000i\000m\000e\000d\000\040\000N\000e\000g\000o\000t\000i\000a\000t\000i\000o\000n\000s}{part.231}% 94
\BOOKMARK [1][-]{section.304}{\376\377\0005\000.\0001\000\040\000I\000n\000t\000r\000o\000d\000u\000c\000t\000i\000o\000n\000:\000\040\000F\000r\000o\000m\000\040\000S\000y\000n\000c\000h\000r\000o\000n\000i\000z\000a\000t\000i\000o\000n\000\040\000t\000o\000\040\000D\000r\000i\000f\000t}{chapter.303}% 95
\BOOKMARK [1][-]{section.309}{\376\377\0005\000.\0002\000\040\000D\000r\000i\000f\000t\000:\000\040\000D\000e\000f\000i\000n\000i\000t\000i\000o\000n\000,\000\040\000I\000n\000t\000u\000i\000t\000i\000o\000n\000,\000\040\000a\000n\000d\000\040\000E\000x\000a\000m\000p\000l\000e\000s}{chapter.303}% 96
\BOOKMARK [2][-]{subsection.312}{\376\377\0005\000.\0002\000.\0001\000\040\000G\000e\000o\000m\000e\000t\000r\000i\000c\000\040\000I\000n\000t\000u\000i\000t\000i\000o\000n}{section.309}% 97
\BOOKMARK [2][-]{subsection.314}{\376\377\0005\000.\0002\000.\0002\000\040\000M\000o\000t\000i\000v\000a\000t\000i\000n\000g\000\040\000E\000x\000a\000m\000p\000l\000e\000s}{section.309}% 98
\BOOKMARK [2][-]{subsection.320}{\376\377\0005\000.\0002\000.\0003\000\040\000D\000r\000i\000f\000t\000-\000B\000o\000u\000n\000d\000e\000d\000\040\000R\000u\000n\000s\000\040\000a\000n\000d\000\040\000L\000T\000N\000s}{section.309}% 99
\BOOKMARK [1][-]{section.325}{\376\377\0005\000.\0003\000\040\000T\000h\000e\000\040\000k\000-\000D\000r\000i\000f\000t\000\040\000B\000o\000u\000n\000d\000e\000d\000\040\000F\000r\000a\000g\000m\000e\000n\000t}{chapter.303}% 100
\BOOKMARK [2][-]{subsection.326}{\376\377\0005\000.\0003\000.\0001\000\040\000R\000e\000g\000i\000o\000n\000\040\000A\000b\000s\000t\000r\000a\000c\000t\000i\000o\000n\000\040\000U\000n\000d\000e\000r\000\040\000B\000o\000u\000n\000d\000e\000d\000\040\000D\000r\000i\000f\000t}{section.325}% 101
\BOOKMARK [2][-]{subsection.337}{\376\377\0005\000.\0003\000.\0002\000\040\000T\000h\000e\000\040\000k\000-\000R\000e\000g\000i\000o\000n\000\040\000A\000u\000t\000o\000m\000a\000t\000o\000n}{section.325}% 102
\BOOKMARK [2][-]{subsection.342}{\376\377\0005\000.\0003\000.\0003\000\040\000D\000e\000c\000i\000d\000a\000b\000i\000l\000i\000t\000y\000\040\000a\000n\000d\000\040\000C\000o\000m\000p\000l\000e\000x\000i\000t\000y}{section.325}% 103
\BOOKMARK [1][-]{section.345}{\376\377\0005\000.\0004\000\040\000D\000e\000c\000i\000d\000i\000n\000g\000\040\000D\000r\000i\000f\000t\000\040\000B\000o\000u\000n\000d\000e\000d\000n\000e\000s\000s}{chapter.303}% 104
\BOOKMARK [2][-]{subsection.350}{\376\377\0005\000.\0004\000.\0001\000\040\000U\000n\000i\000v\000e\000r\000s\000a\000l\000\040\000k\000-\000D\000r\000i\000f\000t\000\040\000B\000o\000u\000n\000d\000e\000d\000n\000e\000s\000s\000\040\000\050\000F\000i\000x\000e\000d\000\040\000k\000\051}{section.345}% 105
\BOOKMARK [2][-]{subsection.353}{\376\377\0005\000.\0004\000.\0002\000\040\000U\000n\000i\000v\000e\000r\000s\000a\000l\000\040\000D\000r\000i\000f\000t\000\040\000B\000o\000u\000n\000d\000e\000d\000n\000e\000s\000s\000\040\000\050\000E\000x\000i\000s\000t\000e\000n\000c\000e\000\040\000o\000f\000\040\000k\000\051}{section.345}% 106
\BOOKMARK [1][-]{section.356}{\376\377\0005\000.\0005\000\040\000A\000c\000y\000c\000l\000i\000c\000\040\000L\000o\000c\000a\000l\000-\000T\000i\000m\000e\000d\000\040\000N\000e\000g\000o\000t\000i\000a\000t\000i\000o\000n\000s}{chapter.303}% 107
\BOOKMARK [2][-]{subsection.359}{\376\377\0005\000.\0005\000.\0001\000\040\000A\000c\000y\000c\000l\000i\000c\000i\000t\000y\000\040\000I\000m\000p\000l\000i\000e\000s\000\040\000D\000r\000i\000f\000t\000\040\000B\000o\000u\000n\000d\000e\000d\000n\000e\000s\000s}{section.356}% 108
\BOOKMARK [2][-]{subsection.362}{\376\377\0005\000.\0005\000.\0002\000\040\000N\000P\000-\000C\000o\000m\000p\000l\000e\000t\000e\000n\000e\000s\000s\000\040\000o\000f\000\040\000R\000e\000a\000c\000h\000a\000b\000i\000l\000i\000t\000y}{section.356}% 109
\BOOKMARK [1][-]{section.366}{\376\377\0005\000.\0006\000\040\000S\000u\000m\000m\000a\000r\000y\000\040\000a\000n\000d\000\040\000P\000e\000r\000s\000p\000e\000c\000t\000i\000v\000e}{chapter.303}% 110
\BOOKMARK [1][-]{section.370}{\376\377\0005\000.\0007\000\040\000C\000o\000m\000i\000n\000g\000\040\000N\000e\000x\000t\000:\000\040\000C\000o\000n\000n\000e\000c\000t\000e\000d\000\040\000C\000o\000m\000m\000u\000n\000i\000c\000a\000t\000i\000o\000n}{chapter.303}% 111
\BOOKMARK [0][-]{chapter.371}{\376\377\0006\000\040\000C\000o\000n\000n\000e\000c\000t\000e\000d\000l\000y\000\040\000C\000o\000m\000m\000u\000n\000i\000c\000a\000t\000i\000n\000g\000\040\000L\000T\000N}{part.231}% 112
\BOOKMARK [1][-]{section.372}{\376\377\0006\000.\0001\000\040\000I\000n\000t\000r\000o\000d\000u\000c\000t\000i\000o\000n}{chapter.371}% 113
\BOOKMARK [2][-]{subsection.373}{\376\377\0006\000.\0001\000.\0001\000\040\000T\000h\000e\000\040\000C\000o\000n\000n\000e\000c\000t\000e\000d\000l\000y\000-\000C\000o\000m\000m\000u\000n\000i\000c\000a\000t\000i\000n\000g\000\040\000F\000r\000a\000g\000m\000e\000n\000t}{section.372}% 114
\BOOKMARK [1][-]{section.382}{\376\377\0006\000.\0002\000\040\000U\000n\000d\000e\000r\000s\000t\000a\000n\000d\000i\000n\000g\000\040\000C\000o\000n\000n\000e\000c\000t\000e\000d\000l\000y\000\040\000C\000o\000m\000m\000u\000n\000i\000c\000a\000t\000i\000n\000g\000\040\000L\000T\000N\000s\000\040\000T\000h\000r\000o\000u\000g\000h\000\040\000E\000x\000a\000m\000p\000l\000e\000s}{chapter.371}% 115
\BOOKMARK [1][-]{section.389}{\376\377\0006\000.\0003\000\040\000C\000o\000n\000n\000e\000c\000t\000e\000d\000l\000y\000\040\000c\000o\000m\000m\000u\000n\000i\000c\000a\000t\000i\000n\000g\000\040\000L\000T\000N\000s}{chapter.371}% 116
\BOOKMARK [2][-]{subsection.390}{\376\377\0006\000.\0003\000.\0001\000\040\000M\000a\000r\000k\000i\000n\000g\000\040\000G\000r\000a\000p\000h\000s\000\040\000a\000n\000d\000\040\000C\000o\000m\000m\000u\000n\000i\000c\000a\000t\000i\000o\000n\000\040\000G\000r\000a\000p\000h\000s}{section.389}% 117
\BOOKMARK [1][-]{section.399}{\376\377\0006\000.\0004\000\040\000M\000a\000i\000n\000\040\000T\000h\000e\000o\000r\000e\000m}{chapter.371}% 118
\BOOKMARK [2][-]{subsection.402}{\376\377\0006\000.\0004\000.\0001\000\040\000P\000r\000o\000o\000f\000\040\000R\000o\000a\000d\000m\000a\000p}{section.399}% 119
\BOOKMARK [2][-]{subsection.412}{\376\377\0006\000.\0004\000.\0002\000\040\000T\000r\000a\000c\000e\000\040\000R\000e\000p\000r\000e\000s\000e\000n\000t\000a\000t\000i\000o\000n\000\040\000o\000f\000\040\000a\000\040\000R\000u\000n}{section.399}% 120
\BOOKMARK [2][-]{subsection.427}{\376\377\0006\000.\0004\000.\0003\000\040\000T\000i\000g\000h\000t\000e\000n\000i\000n\000g\000\040\000a\000\040\000R\000u\000n}{section.399}% 121
\BOOKMARK [2][-]{subsection.465}{\376\377\0006\000.\0004\000.\0004\000\040\000T\000i\000g\000h\000t\000\040\000R\000u\000n\000s\000\040\000o\000f\000\040\000C\000o\000n\000n\000e\000c\000t\000e\000d\000l\000y\000-\000C\000o\000m\000m\000u\000n\000i\000c\000a\000t\000i\000n\000g\000\040\000L\000T\000N\000s\000\040\000a\000r\000e\000\040\000D\000r\000i\000f\000t\000-\000B\000o\000u\000n\000d\000e\000d}{section.399}% 122
\BOOKMARK [2][-]{subsection.490}{\376\377\0006\000.\0004\000.\0005\000\040\000E\000x\000t\000e\000n\000s\000i\000o\000n\000s\000\040\000a\000n\000d\000\040\000V\000a\000r\000i\000a\000t\000i\000o\000n\000s}{section.399}% 123
\BOOKMARK [1][-]{section.498}{\376\377\0006\000.\0005\000\040\000C\000o\000n\000c\000l\000u\000s\000i\000o\000n}{chapter.371}% 124
\BOOKMARK [2][-]{subsection.499}{\376\377\0006\000.\0005\000.\0001\000\040\000S\000u\000m\000m\000a\000r\000y\000\040\000o\000f\000\040\000C\000o\000n\000t\000r\000i\000b\000u\000t\000i\000o\000n\000s}{section.498}% 125
\BOOKMARK [2][-]{subsection.503}{\376\377\0006\000.\0005\000.\0002\000\040\000F\000u\000t\000u\000r\000e\000\040\000D\000i\000r\000e\000c\000t\000i\000o\000n\000s}{section.498}% 126
\BOOKMARK [2][-]{subsection.507}{\376\377\0006\000.\0005\000.\0003\000\040\000C\000l\000o\000s\000i\000n\000g\000\040\000R\000e\000m\000a\000r\000k\000s}{section.498}% 127
\BOOKMARK [0][-]{chapter.508}{\376\377\0007\000\040\000C\000o\000n\000c\000l\000u\000s\000i\000o\000n\000\040\000a\000n\000d\000\040\000F\000u\000t\000u\000r\000e\000\040\000D\000i\000r\000e\000c\000t\000i\000o\000n\000s}{part.231}% 128
\BOOKMARK [1][-]{section.509}{\376\377\0007\000.\0001\000\040\000C\000o\000n\000c\000l\000u\000s\000i\000o\000n}{chapter.508}% 129
\BOOKMARK [1][-]{section.513}{\376\377\0007\000.\0002\000\040\000B\000r\000o\000a\000d\000e\000r\000\040\000D\000i\000r\000e\000c\000t\000i\000o\000n\000s\000\040\000a\000n\000d\000\040\000O\000u\000t\000l\000o\000o\000k}{chapter.508}% 130
\BOOKMARK [2][-]{subsection.514}{\376\377\0007\000.\0002\000.\0001\000\040\000C\000o\000u\000n\000t\000i\000n\000g\000\040\000a\000n\000d\000\040\000E\000n\000u\000m\000e\000r\000a\000t\000i\000o\000n\000\040\000P\000r\000o\000b\000l\000e\000m\000s}{section.513}% 131
\BOOKMARK [2][-]{subsection.515}{\376\377\0007\000.\0002\000.\0002\000\040\000Q\000u\000a\000n\000t\000i\000t\000a\000t\000i\000v\000e\000\040\000E\000x\000t\000e\000n\000s\000i\000o\000n\000s\000:\000\040\000C\000o\000s\000t\000s\000,\000\040\000W\000e\000i\000g\000h\000t\000s\000,\000\040\000a\000n\000d\000\040\000C\000o\000u\000n\000t\000e\000r\000s}{section.513}% 132
\BOOKMARK [2][-]{subsection.516}{\376\377\0007\000.\0002\000.\0003\000\040\000S\000t\000r\000u\000c\000t\000u\000r\000a\000l\000\040\000P\000a\000r\000a\000m\000e\000t\000e\000r\000s\000\040\000a\000n\000d\000\040\000W\000e\000l\000l\000-\000S\000t\000r\000u\000c\000t\000u\000r\000e\000d\000n\000e\000s\000s}{section.513}% 133
\BOOKMARK [2][-]{subsection.517}{\376\377\0007\000.\0002\000.\0004\000\040\000B\000e\000y\000o\000n\000d\000\040\000R\000e\000a\000c\000h\000a\000b\000i\000l\000i\000t\000y\000:\000\040\000B\000r\000o\000a\000d\000e\000r\000\040\000V\000e\000r\000i\000f\000i\000c\000a\000t\000i\000o\000n\000\040\000a\000n\000d\000\040\000S\000y\000n\000t\000h\000e\000s\000i\000s}{section.513}% 134
\BOOKMARK [2][-]{subsection.518}{\376\377\0007\000.\0002\000.\0005\000\040\000C\000o\000n\000n\000e\000c\000t\000i\000o\000n\000s\000\040\000t\000o\000\040\000O\000t\000h\000e\000r\000\040\000I\000n\000f\000i\000n\000i\000t\000e\000-\000S\000t\000a\000t\000e\000\040\000M\000o\000d\000e\000l\000s}{section.513}% 135
\BOOKMARK [2][-]{subsection.519}{\376\377\0007\000.\0002\000.\0006\000\040\000T\000o\000w\000a\000r\000d\000\040\000P\000r\000a\000c\000t\000i\000c\000a\000l\000\040\000M\000o\000d\000e\000l\000i\000n\000g\000\040\000a\000n\000d\000\040\000T\000o\000o\000l\000\040\000S\000u\000p\000p\000o\000r\000t}{section.513}% 136
